2022-03-17 10:25:28,405 [INFO] Activator:176 - 


2022-03-17 10:25:28,407 [INFO] Activator:177 - !SESSION log4j initialized
2022-03-17 10:25:30,515 [INFO] ApplicationProperties:181 - Using Application install path: C:\ST\STM32CubeIDE_1.2.0\STM32CubeIDE\plugins\com.st.stm32cube.common.mx_5.5.0.201912201511
2022-03-17 10:25:30,523 [INFO] DbMcusXml:69 - Set database path to: C:\ST\STM32CubeIDE_1.2.0\STM32CubeIDE\plugins\com.st.stm32cube.common.mx_5.5.0.201912201511\\db\/mcu/
2022-03-17 10:25:30,526 [INFO] DbBoardsPdsc:54 - Set plugin database path to: C:\ST\STM32CubeIDE_1.2.0\STM32CubeIDE\plugins\com.st.stm32cube.common.mx_5.5.0.201912201511\\db\/plugins/boardmanager/
2022-03-17 10:25:30,526 [INFO] DbMcus:264 - Set plugin images path to: C:\ST\STM32CubeIDE_1.2.0\STM32CubeIDE\plugins\com.st.stm32cube.common.mx_5.5.0.201912201511\\db\/plugins/mcufinder/images/
2022-03-17 10:25:30,526 [INFO] DbBoards:232 - Set plugin images path to: C:\ST\STM32CubeIDE_1.2.0\STM32CubeIDE\plugins\com.st.stm32cube.common.mx_5.5.0.201912201511\\db\/plugins/mcufinder/images/
2022-03-17 10:25:30,528 [INFO] APIGFXSelector:72 - Set database path to: C:\ST\STM32CubeIDE_1.2.0\STM32CubeIDE\plugins\com.st.stm32cube.common.mx_5.5.0.201912201511\\db\/plugins/mcufinder/mcu/
2022-03-17 10:25:30,531 [INFO] DbMcusAds:72 - Set database path to: C:\Users\user\.stmcufinder\plugins\mcufinder//mcu/
2022-03-17 10:25:30,531 [INFO] DbMcusDocs:92 - Set database path to: C:\Users\user\.stmcufinder\plugins\mcufinder//mcu/
2022-03-17 10:25:30,533 [INFO] DbMcusJson:59 - Set database path to: C:\Users\user\.stmcufinder\plugins\mcufinder//mcu/
2022-03-17 10:25:30,533 [INFO] DbBoardsDocs:84 - Set database path to: C:\Users\user\.stmcufinder\plugins\mcufinder//mcu/
2022-03-17 10:25:30,534 [INFO] DbBoardsJson:51 - Set database path to: C:\Users\user\.stmcufinder\plugins\mcufinder//mcu/
2022-03-17 10:25:30,538 [INFO] CrossReferenceDbSqlite:197 - Set database path to: C:\Users\user\.stmcufinder\plugins\mcufinder//mcu/cs/
2022-03-17 10:25:30,596 [INFO] RulesReader:52 - Compatibility file has been processed (205 Rules)
2022-03-17 10:25:30,648 [INFO] MicroXplorer:570 - Detected Java Version = 1.8.0_202
2022-03-17 10:25:30,648 [INFO] DbMcusXml:69 - Set database path to: C:\ST\STM32CubeIDE_1.2.0\STM32CubeIDE\plugins\com.st.stm32cube.common.mx_5.5.0.201912201511\\db\/mcu/
2022-03-17 10:25:30,649 [INFO] DbBoardsPdsc:54 - Set plugin database path to: C:\ST\STM32CubeIDE_1.2.0\STM32CubeIDE\plugins\com.st.stm32cube.common.mx_5.5.0.201912201511\\db\/plugins/boardmanager/
2022-03-17 10:25:30,649 [INFO] DbMcus:264 - Set plugin images path to: C:\ST\STM32CubeIDE_1.2.0\STM32CubeIDE\plugins\com.st.stm32cube.common.mx_5.5.0.201912201511\\db\/plugins/mcufinder/images/
2022-03-17 10:25:30,650 [INFO] DbBoards:232 - Set plugin images path to: C:\ST\STM32CubeIDE_1.2.0\STM32CubeIDE\plugins\com.st.stm32cube.common.mx_5.5.0.201912201511\\db\/plugins/mcufinder/images/
2022-03-17 10:25:30,650 [INFO] APIGFXSelector:72 - Set database path to: C:\ST\STM32CubeIDE_1.2.0\STM32CubeIDE\plugins\com.st.stm32cube.common.mx_5.5.0.201912201511\\db\/plugins/mcufinder/mcu/
2022-03-17 10:25:30,650 [WARN] DbFile:31 - Overriding database path with different value: C:\Users\user\.stmcufinder\plugins\mcufinder/ => C:\Users\user\.stmcufinder\plugins\mcufinder
2022-03-17 10:25:30,650 [INFO] DbMcusAds:72 - Set database path to: C:\Users\user\.stmcufinder\plugins\mcufinder//mcu/
2022-03-17 10:25:30,650 [WARN] DbFile:31 - Overriding database path with different value: C:\Users\user\.stmcufinder\plugins\mcufinder/ => C:\Users\user\.stmcufinder\plugins\mcufinder
2022-03-17 10:25:30,650 [INFO] DbMcusDocs:92 - Set database path to: C:\Users\user\.stmcufinder\plugins\mcufinder//mcu/
2022-03-17 10:25:30,650 [WARN] DbFile:31 - Overriding database path with different value: C:\Users\user\.stmcufinder\plugins\mcufinder/ => C:\Users\user\.stmcufinder\plugins\mcufinder
2022-03-17 10:25:30,650 [INFO] DbMcusJson:59 - Set database path to: C:\Users\user\.stmcufinder\plugins\mcufinder//mcu/
2022-03-17 10:25:30,651 [WARN] DbFile:31 - Overriding database path with different value: C:\Users\user\.stmcufinder\plugins\mcufinder/ => C:\Users\user\.stmcufinder\plugins\mcufinder
2022-03-17 10:25:30,651 [INFO] DbBoardsDocs:84 - Set database path to: C:\Users\user\.stmcufinder\plugins\mcufinder//mcu/
2022-03-17 10:25:30,651 [WARN] DbFile:31 - Overriding database path with different value: C:\Users\user\.stmcufinder\plugins\mcufinder/ => C:\Users\user\.stmcufinder\plugins\mcufinder
2022-03-17 10:25:30,651 [INFO] DbBoardsJson:51 - Set database path to: C:\Users\user\.stmcufinder\plugins\mcufinder//mcu/
2022-03-17 10:25:30,651 [WARN] DbFile:31 - Overriding database path with different value: C:\Users\user\.stmcufinder\plugins\mcufinder/ => C:\Users\user\.stmcufinder\plugins\mcufinder
2022-03-17 10:25:30,651 [WARN] DbFile:31 - Overriding database path with different value: C:\Users\user\.stmcufinder\plugins\mcufinder/ => C:\Users\user\.stmcufinder\plugins\mcufinder
2022-03-17 10:25:30,651 [INFO] CrossReferenceDbSqlite:197 - Set database path to: C:\Users\user\.stmcufinder\plugins\mcufinder//mcu/cs/
2022-03-17 10:25:30,697 [INFO] MainPanel:180 - HeapMemory: 268435456
2022-03-17 10:25:30,750 [INFO] DbMcusXml:69 - Set database path to: C:\ST\STM32CubeIDE_1.2.0\STM32CubeIDE\plugins\com.st.stm32cube.common.mx_5.5.0.201912201511\\db\/mcu/
2022-03-17 10:25:30,750 [INFO] DbBoardsPdsc:54 - Set plugin database path to: C:\ST\STM32CubeIDE_1.2.0\STM32CubeIDE\plugins\com.st.stm32cube.common.mx_5.5.0.201912201511\\db\/plugins/boardmanager/
2022-03-17 10:25:30,751 [INFO] DbMcus:264 - Set plugin images path to: C:\ST\STM32CubeIDE_1.2.0\STM32CubeIDE\plugins\com.st.stm32cube.common.mx_5.5.0.201912201511\\db\/plugins/mcufinder/images/
2022-03-17 10:25:30,751 [INFO] DbBoards:232 - Set plugin images path to: C:\ST\STM32CubeIDE_1.2.0\STM32CubeIDE\plugins\com.st.stm32cube.common.mx_5.5.0.201912201511\\db\/plugins/mcufinder/images/
2022-03-17 10:25:30,751 [INFO] APIGFXSelector:72 - Set database path to: C:\ST\STM32CubeIDE_1.2.0\STM32CubeIDE\plugins\com.st.stm32cube.common.mx_5.5.0.201912201511\\db\/plugins/mcufinder/mcu/
2022-03-17 10:25:30,751 [WARN] DbFile:31 - Overriding database path with different value: C:\Users\user\.stmcufinder\plugins\mcufinder/ => C:\Users\user\.stmcufinder\plugins\mcufinder
2022-03-17 10:25:30,751 [INFO] DbMcusAds:72 - Set database path to: C:\Users\user\.stmcufinder\plugins\mcufinder//mcu/
2022-03-17 10:25:30,751 [WARN] DbFile:31 - Overriding database path with different value: C:\Users\user\.stmcufinder\plugins\mcufinder/ => C:\Users\user\.stmcufinder\plugins\mcufinder
2022-03-17 10:25:30,752 [INFO] DbMcusDocs:92 - Set database path to: C:\Users\user\.stmcufinder\plugins\mcufinder//mcu/
2022-03-17 10:25:30,752 [WARN] DbFile:31 - Overriding database path with different value: C:\Users\user\.stmcufinder\plugins\mcufinder/ => C:\Users\user\.stmcufinder\plugins\mcufinder
2022-03-17 10:25:30,752 [INFO] DbMcusJson:59 - Set database path to: C:\Users\user\.stmcufinder\plugins\mcufinder//mcu/
2022-03-17 10:25:30,752 [WARN] DbFile:31 - Overriding database path with different value: C:\Users\user\.stmcufinder\plugins\mcufinder/ => C:\Users\user\.stmcufinder\plugins\mcufinder
2022-03-17 10:25:30,752 [INFO] DbBoardsDocs:84 - Set database path to: C:\Users\user\.stmcufinder\plugins\mcufinder//mcu/
2022-03-17 10:25:30,752 [WARN] DbFile:31 - Overriding database path with different value: C:\Users\user\.stmcufinder\plugins\mcufinder/ => C:\Users\user\.stmcufinder\plugins\mcufinder
2022-03-17 10:25:30,752 [INFO] DbBoardsJson:51 - Set database path to: C:\Users\user\.stmcufinder\plugins\mcufinder//mcu/
2022-03-17 10:25:30,752 [WARN] DbFile:31 - Overriding database path with different value: C:\Users\user\.stmcufinder\plugins\mcufinder/ => C:\Users\user\.stmcufinder\plugins\mcufinder
2022-03-17 10:25:30,752 [WARN] DbFile:31 - Overriding database path with different value: C:\Users\user\.stmcufinder\plugins\mcufinder/ => C:\Users\user\.stmcufinder\plugins\mcufinder
2022-03-17 10:25:30,753 [INFO] CrossReferenceDbSqlite:197 - Set database path to: C:\Users\user\.stmcufinder\plugins\mcufinder//mcu/cs/
2022-03-17 10:25:30,764 [INFO] ApplicationProperties:181 - Using Application install path: C:\ST\STM32CubeIDE_1.2.0\STM32CubeIDE\plugins\com.st.stm32cube.common.mx_5.5.0.201912201511
2022-03-17 10:25:30,765 [INFO] PluginManage:178 - Search for loadable plugins [exclusion list=]
2022-03-17 10:25:30,766 [INFO] PluginManage:292 - Check plugin analytics
2022-03-17 10:25:30,770 [INFO] PluginManage:342 - Loaded plugin analytics (category:tool,tabindex:-1)
2022-03-17 10:25:30,770 [INFO] PluginManage:292 - Check plugin clock
2022-03-17 10:25:30,776 [INFO] PluginManage:342 - Loaded plugin clock (category:base,tabindex:2)
2022-03-17 10:25:30,777 [INFO] PluginManage:292 - Check plugin ddr
2022-03-17 10:25:30,778 [INFO] PluginManage:342 - Loaded plugin ddr (category:tool,tabindex:6)
2022-03-17 10:25:30,778 [INFO] PluginManage:292 - Check plugin filemanager
2022-03-17 10:25:30,847 [INFO] PluginManage:342 - Loaded plugin filemanager (category:base,tabindex:10)
2022-03-17 10:25:30,847 [INFO] PluginManage:292 - Check plugin ipmanager
2022-03-17 10:25:30,853 [INFO] PluginManage:342 - Loaded plugin ipmanager (category:base,tabindex:5)
2022-03-17 10:25:30,854 [INFO] PluginManage:292 - Check plugin pinoutandconfiguration
2022-03-17 10:25:30,863 [INFO] PluginManage:342 - Loaded plugin pinoutandconfiguration (category:base,tabindex:1)
2022-03-17 10:25:30,864 [INFO] PluginManage:292 - Check plugin pinoutconfig
2022-03-17 10:25:30,884 [INFO] PluginManage:342 - Loaded plugin pinoutconfig (category:base,tabindex:0)
2022-03-17 10:25:30,885 [INFO] PluginManage:292 - Check plugin power
2022-03-17 10:25:30,896 [INFO] PluginManage:342 - Loaded plugin power (category:power,tabindex:4)
2022-03-17 10:25:30,897 [INFO] PluginManage:292 - Check plugin projectmanager
2022-03-17 10:25:30,917 [INFO] PluginManage:342 - Loaded plugin projectmanager (category:projectmanager,tabindex:3)
2022-03-17 10:25:30,917 [INFO] PluginManage:292 - Check plugin thirdparty
2022-03-17 10:25:31,023 [INFO] ThirdPartyDb:295 - Open Third Party DataBase File (C:/Users/user/.stm32cubemx/plugins/thirdparty/db/thirdparties_db.xml) : 77 ms. number of Sw pack : 26
2022-03-17 10:25:31,032 [INFO] PluginManage:342 - Loaded plugin thirdparty (category:base,tabindex:-1)
2022-03-17 10:25:31,032 [INFO] PluginManage:292 - Check plugin tools
2022-03-17 10:25:31,034 [INFO] PluginManage:342 - Loaded plugin tools (category:base,tabindex:7)
2022-03-17 10:25:31,035 [INFO] PluginManage:292 - Check plugin updater
2022-03-17 10:25:31,042 [INFO] PluginManage:342 - Loaded plugin updater (category:base,tabindex:12)
2022-03-17 10:25:31,043 [INFO] PluginManage:265 - PluginManage : Loaded plugins [12]
2022-03-17 10:25:31,138 [INFO] PinOutPanel:1399 - setPackage(No Configuration,No Configuration)
2022-03-17 10:25:31,202 [INFO] IPUIPlugin:65 - create IPUIPlugin
2022-03-17 10:25:31,202 [INFO] PluginManager:200 - loadIPPluginJar : add adc
2022-03-17 10:25:31,204 [INFO] IPUIPlugin:65 - create IPUIPlugin
2022-03-17 10:25:31,204 [INFO] PluginManager:200 - loadIPPluginJar : add aes
2022-03-17 10:25:31,205 [INFO] IPUIPlugin:65 - create IPUIPlugin
2022-03-17 10:25:31,206 [INFO] PluginManager:200 - loadIPPluginJar : add can
2022-03-17 10:25:31,207 [INFO] IPUIPlugin:65 - create IPUIPlugin
2022-03-17 10:25:31,207 [INFO] PluginManager:200 - loadIPPluginJar : add comp
2022-03-17 10:25:31,208 [INFO] IPUIPlugin:65 - create IPUIPlugin
2022-03-17 10:25:31,208 [INFO] PluginManager:200 - loadIPPluginJar : add cryp
2022-03-17 10:25:31,209 [INFO] IPUIPlugin:65 - create IPUIPlugin
2022-03-17 10:25:31,209 [INFO] PluginManager:200 - loadIPPluginJar : add dfsdm
2022-03-17 10:25:31,212 [INFO] IPUIPlugin:65 - create IPUIPlugin
2022-03-17 10:25:31,212 [INFO] PluginManager:200 - loadIPPluginJar : add dma
2022-03-17 10:25:31,213 [INFO] IPUIPlugin:65 - create IPUIPlugin
2022-03-17 10:25:31,214 [INFO] PluginManager:200 - loadIPPluginJar : add fatfs
2022-03-17 10:25:31,216 [INFO] IPUIPlugin:65 - create IPUIPlugin
2022-03-17 10:25:31,216 [INFO] PluginManager:200 - loadIPPluginJar : add fmc
2022-03-17 10:25:31,220 [INFO] IPUIPlugin:65 - create IPUIPlugin
2022-03-17 10:25:31,221 [INFO] PluginManager:200 - loadIPPluginJar : add freertos
2022-03-17 10:25:31,222 [INFO] IPUIPlugin:65 - create IPUIPlugin
2022-03-17 10:25:31,222 [INFO] PluginManager:200 - loadIPPluginJar : add genericplugin
2022-03-17 10:25:31,223 [INFO] IPUIPlugin:65 - create IPUIPlugin
2022-03-17 10:25:31,223 [INFO] PluginManager:200 - loadIPPluginJar : add gfxmmu
2022-03-17 10:25:31,225 [INFO] IPUIPlugin:65 - create IPUIPlugin
2022-03-17 10:25:31,225 [INFO] PluginManager:200 - loadIPPluginJar : add gfxsimulator
2022-03-17 10:25:31,228 [INFO] IPUIPlugin:65 - create IPUIPlugin
2022-03-17 10:25:31,229 [INFO] PluginManager:200 - loadIPPluginJar : add gic
2022-03-17 10:25:31,231 [INFO] IPUIPlugin:65 - create IPUIPlugin
2022-03-17 10:25:31,231 [INFO] PluginManager:200 - loadIPPluginJar : add gpio
2022-03-17 10:25:31,233 [INFO] IPUIPlugin:65 - create IPUIPlugin
2022-03-17 10:25:31,233 [INFO] PluginManager:200 - loadIPPluginJar : add gtzc
2022-03-17 10:25:31,234 [INFO] IPUIPlugin:65 - create IPUIPlugin
2022-03-17 10:25:31,234 [INFO] PluginManager:200 - loadIPPluginJar : add hash
2022-03-17 10:25:31,235 [INFO] IPUIPlugin:65 - create IPUIPlugin
2022-03-17 10:25:31,236 [INFO] PluginManager:200 - loadIPPluginJar : add i2c
2022-03-17 10:25:31,237 [INFO] IPUIPlugin:65 - create IPUIPlugin
2022-03-17 10:25:31,237 [INFO] PluginManager:200 - loadIPPluginJar : add i2s
2022-03-17 10:25:31,239 [INFO] IPUIPlugin:65 - create IPUIPlugin
2022-03-17 10:25:31,239 [INFO] PluginManager:200 - loadIPPluginJar : add ipddr
2022-03-17 10:25:31,240 [INFO] IPUIPlugin:65 - create IPUIPlugin
2022-03-17 10:25:31,240 [INFO] PluginManager:200 - loadIPPluginJar : add ltdc
2022-03-17 10:25:31,242 [INFO] IPUIPlugin:65 - create IPUIPlugin
2022-03-17 10:25:31,242 [INFO] PluginManager:200 - loadIPPluginJar : add mdma
2022-03-17 10:25:31,244 [INFO] IPUIPlugin:65 - create IPUIPlugin
2022-03-17 10:25:31,244 [INFO] PluginManager:200 - loadIPPluginJar : add nvic
2022-03-17 10:25:31,245 [INFO] IPUIPlugin:65 - create IPUIPlugin
2022-03-17 10:25:31,245 [INFO] PluginManager:200 - loadIPPluginJar : add opamp
2022-03-17 10:25:31,247 [INFO] IPUIPlugin:65 - create IPUIPlugin
2022-03-17 10:25:31,247 [INFO] PluginManager:200 - loadIPPluginJar : add pdm2pcm
2022-03-17 10:25:31,250 [INFO] IPUIPlugin:65 - create IPUIPlugin
2022-03-17 10:25:31,252 [INFO] PluginManager:200 - loadIPPluginJar : add plateformsettings
2022-03-17 10:25:31,253 [INFO] IPUIPlugin:65 - create IPUIPlugin
2022-03-17 10:25:31,253 [INFO] PluginManager:200 - loadIPPluginJar : add quadspi
2022-03-17 10:25:31,254 [INFO] IPUIPlugin:65 - create IPUIPlugin
2022-03-17 10:25:31,254 [INFO] PluginManager:200 - loadIPPluginJar : add resmgrutility
2022-03-17 10:25:31,256 [INFO] IPUIPlugin:65 - create IPUIPlugin
2022-03-17 10:25:31,256 [INFO] PluginManager:200 - loadIPPluginJar : add sai
2022-03-17 10:25:31,257 [INFO] IPUIPlugin:65 - create IPUIPlugin
2022-03-17 10:25:31,257 [INFO] PluginManager:200 - loadIPPluginJar : add spi
2022-03-17 10:25:31,258 [INFO] IPUIPlugin:65 - create IPUIPlugin
2022-03-17 10:25:31,259 [INFO] PluginManager:200 - loadIPPluginJar : add stm32_wpan
2022-03-17 10:25:31,260 [INFO] IPUIPlugin:65 - create IPUIPlugin
2022-03-17 10:25:31,260 [INFO] PluginManager:200 - loadIPPluginJar : add tim
2022-03-17 10:25:31,261 [INFO] IPUIPlugin:65 - create IPUIPlugin
2022-03-17 10:25:31,261 [INFO] PluginManager:200 - loadIPPluginJar : add touchsensing
2022-03-17 10:25:31,262 [INFO] IPUIPlugin:65 - create IPUIPlugin
2022-03-17 10:25:31,262 [INFO] PluginManager:200 - loadIPPluginJar : add tracer_emb
2022-03-17 10:25:31,263 [INFO] IPUIPlugin:65 - create IPUIPlugin
2022-03-17 10:25:31,264 [INFO] PluginManager:200 - loadIPPluginJar : add ts
2022-03-17 10:25:31,264 [INFO] IPUIPlugin:65 - create IPUIPlugin
2022-03-17 10:25:31,264 [INFO] PluginManager:200 - loadIPPluginJar : add tsc
2022-03-17 10:25:31,265 [INFO] IPUIPlugin:65 - create IPUIPlugin
2022-03-17 10:25:31,266 [INFO] PluginManager:200 - loadIPPluginJar : add ucpd
2022-03-17 10:25:31,267 [INFO] IPUIPlugin:65 - create IPUIPlugin
2022-03-17 10:25:31,267 [INFO] PluginManager:200 - loadIPPluginJar : add usart
2022-03-17 10:25:31,442 [INFO] BoardConnectionPanel:226 - [DDR PANEL] osNameString: Windows
2022-03-17 10:25:31,500 [INFO] BoardConnectionPanel:3472 - [DDR PANEL] STM32CubeIDE environment
2022-03-17 10:25:31,501 [INFO] MainDdrPanel:103 - [DDR PANEL] GETTER - cubeProgrammerPath is: null
2022-03-17 10:25:31,635 [FATAL] Updater:277 - Updater called before beeing initialized
2022-03-17 10:25:31,757 [FATAL] Updater:277 - Updater called before beeing initialized
2022-03-17 10:25:31,760 [INFO] PinOutPanel:1399 - setPackage(No Configuration,No Configuration)
2022-03-17 10:25:31,760 [FATAL] Updater:277 - Updater called before beeing initialized
2022-03-17 10:25:31,763 [INFO] BoardConnectionPanel:3472 - [DDR PANEL] STM32CubeIDE environment
2022-03-17 10:25:31,763 [INFO] MainDdrPanel:103 - [DDR PANEL] GETTER - cubeProgrammerPath is: C:\ST\STM32CubeIDE_1.2.0\STM32CubeIDE\plugins\com.st.stm32cube.ide.mcu.externaltools.cubeprogrammer.win32_1.1.0.201910081157\tools\bin
2022-03-17 10:25:31,766 [INFO] ProgrammerExecThread:148 - [ProgrammerAPI] CubeProgrammer command construction: C:\ST\STM32CubeIDE_1.2.0\STM32CubeIDE\plugins\com.st.stm32cube.ide.mcu.externaltools.cubeprogrammer.win32_1.1.0.201910081157\tools\bin\STM32_Programmer_CLI.exe -l
2022-03-17 10:25:31,867 [INFO] MainDdrPanel:93 - [DDR PANEL] SETTER - Set cubeProgrammerPath to: C:\ST\STM32CubeIDE_1.2.0\STM32CubeIDE\plugins\com.st.stm32cube.ide.mcu.externaltools.cubeprogrammer.win32_1.1.0.201910081157\tools\bin
2022-03-17 10:25:31,870 [INFO] Updater:886 - Updater Version found : 5.5.0
2022-03-17 10:25:31,880 [INFO] ApplicationProperties:181 - Using Application install path: C:\ST\STM32CubeIDE_1.2.0\STM32CubeIDE\plugins\com.st.stm32cube.common.mx_5.5.0.201912201511
2022-03-17 10:25:31,948 [INFO] MainUpdater:2230 - connection check result : 10
2022-03-17 10:25:31,949 [INFO] MainUpdater:236 - Updater Check For Update Now.
2022-03-17 10:25:31,949 [INFO] MicroXplorer:420 - Change Database Version : DB.5.0.50
2022-03-17 10:25:31,973 [INFO] CheckServerUpdateThread:92 - End of CheckServer Thread
2022-03-17 10:25:32,154 [INFO] MainUpdater:2230 - connection check result : 10
2022-03-17 10:25:32,155 [INFO] LogOutputStream:76 - [STDOUT_REDIRECT] Successfull proxy connection.
2022-03-17 10:25:32,214 [INFO] McuFinderGlobals:40 - Set McuFinder mode to 2 (CubeIDE integrated)
2022-03-17 10:25:32,222 [INFO] FinderPluginLoader:86 - Searching for filters in installed packs
2022-03-17 10:25:32,223 [INFO] DbMcusXml:107 - Load MCU database from C:\ST\STM32CubeIDE_1.2.0\STM32CubeIDE\plugins\com.st.stm32cube.common.mx_5.5.0.201912201511\\db\/mcu/families.xml
2022-03-17 10:25:32,634 [INFO] DbMcusJson:87 - JSON generation date=Wed Nov 17 01:17:54 KST 2021 (1637079474)
2022-03-17 10:25:33,596 [INFO] DbMcus:192 - Found 1628 MCUs (1588 are supported by CubeMX, 1588 are visible in CubeMX)
2022-03-17 10:25:33,597 [INFO] ApiDb:158 - Load user favorites file C:\Users\user/.stm32cubeide/favorites.mcus.txt: 0 item(s)
2022-03-17 10:25:33,597 [INFO] ApiDb:163 - User favorites MCUs=[]
2022-03-17 10:25:33,597 [INFO] DbMcus:203 - Set 0 / 0 favorites MCUs
2022-03-17 10:25:34,030 [WARN] MainUpdater:1073 - Updater busy. Cannot search thirdparties
2022-03-17 10:25:34,113 [INFO] ServerAccessManage:348 - Download File 
2022-03-17 10:25:34,146 [INFO] LoadUrlFilesThread:161 - End of LoadServerUrlFiles without Thread
2022-03-17 10:25:34,155 [INFO] McuDetailPanel:181 - Set advertising image to C:/Users/user/STM32Cube/Repository/\en.Prom_NBSTM32U50921.jpg
2022-03-17 10:25:34,553 [INFO] McuFilterPanel:282 - Update 0 favorites MCUs
2022-03-17 10:25:34,674 [INFO] DbBoardsPdsc:92 - Found 21 items
2022-03-17 10:25:34,675 [INFO] DbBoardsPdsc:92 - Found 9 items
2022-03-17 10:25:34,678 [INFO] DbBoardsPdsc:92 - Found 27 items
2022-03-17 10:25:34,680 [INFO] DbBoardsPdsc:92 - Found 1 items
2022-03-17 10:25:34,683 [INFO] DbBoardsPdsc:92 - Found 40 items
2022-03-17 10:25:34,689 [INFO] DbBoardsPdsc:92 - Found 39 items
2022-03-17 10:25:34,691 [INFO] DbBoardsPdsc:92 - Found 2 items
2022-03-17 10:25:34,693 [INFO] DbBoardsPdsc:92 - Found 4 items
2022-03-17 10:25:34,698 [WARN] DbBoardsPdsc:256 - Board STM32H7B3I-DK: unknown feature type=Audio, name=, username=Audio stereo codec with Headphone Amp (CS42L51-CNZ), n=1
2022-03-17 10:25:34,699 [WARN] DbBoardsPdsc:256 - Board STM32H7B3I-DK: unknown feature type=WIFI, name=, username=WIFI 802.11 b/g/n, n=1
2022-03-17 10:25:34,701 [WARN] DbBoardsPdsc:256 - Board STM32H7B3I-EVAL: unknown feature type=Audio, name=, username=Multi-Channel Audio Codec (CS42L51-CNZ), n=1
2022-03-17 10:25:34,701 [WARN] DbBoardsPdsc:256 - Board STM32H7B3I-EVAL: unknown feature type=Meter, name=, username=Power-metering and Temperature-monitoring with sigma-delta modulators, n=1
2022-03-17 10:25:34,701 [WARN] DbBoardsPdsc:256 - Board STM32H7B3I-EVAL: unknown feature type=WIFI, name=, username=WIFI 802.11 a/b/g/n, n=1
2022-03-17 10:25:34,701 [WARN] DbBoardsPdsc:256 - Board STM32H7B3I-EVAL: unknown feature type=Motor, name=, username=Motor Control, n=1
2022-03-17 10:25:34,703 [WARN] DbBoardsPdsc:256 - Board STEVAL-IDP005V1: unknown feature type=PWRSock, name=Power Socket, username=IO-Link 4-position M12 A-coded connector, n=1
2022-03-17 10:25:34,703 [WARN] DbBoardsPdsc:256 - Board STEVAL-IDP005V2: unknown feature type=PWRSock, name=Power Socket, username=IO-Link 4-position M12 A-coded connector, n=1
2022-03-17 10:25:34,715 [INFO] DbBoardsJson:79 - JSON generation date=Wed Nov 17 01:17:54 KST 2021 (1637079474)
2022-03-17 10:25:34,723 [INFO] DbBoards:120 - Found 165 boards (140 are supported by CubeMX)
2022-03-17 10:25:34,725 [INFO] DbBoardsDocs:118 - JSON generation date=Wed Nov 17 01:17:54 KST 2021 (1637079474)
2022-03-17 10:25:34,729 [INFO] DbBoardsDocs:57 - Found 209 boards documents
2022-03-17 10:25:34,730 [WARN] DbBoards:130 - board NUCLEO-H743ZI has no document id list !
2022-03-17 10:25:34,731 [WARN] DbBoards:130 - board P-NUCLEO-WB55-Nucleo has no document id list !
2022-03-17 10:25:34,731 [WARN] DbBoards:130 - board P-NUCLEO-WB55-USBDongle has no document id list !
2022-03-17 10:25:34,731 [WARN] DbBoards:130 - board STM32F401C-DISCO has no document id list !
2022-03-17 10:25:34,732 [WARN] DbBoards:130 - board STM32F769I-DISC1 has no document id list !
2022-03-17 10:25:34,732 [WARN] DbBoards:130 - board STM32L-DISCOVERY has no document id list !
2022-03-17 10:25:34,732 [WARN] DbBoards:130 - board STM32H747I-DISC1 has no document id list !
2022-03-17 10:25:34,733 [WARN] DbBoards:130 - board STM32439I-EVAL2 has no document id list !
2022-03-17 10:25:34,733 [WARN] DbBoards:130 - board STM32H743I-EVAL2 has no document id list !
2022-03-17 10:25:34,733 [WARN] DbBoards:130 - board STM32H753I-EVAL2 has no document id list !
2022-03-17 10:25:34,733 [WARN] DbBoards:130 - board STM32G474E-EVAL1 has no document id list !
2022-03-17 10:25:34,733 [WARN] DbBoards:130 - board STEVAL-BFA001V1B has no document id list !
2022-03-17 10:25:34,733 [WARN] DbBoards:130 - board STEVAL-BFA001V2B has no document id list !
2022-03-17 10:25:34,733 [WARN] DbBoards:130 - board STEVAL-MKSBOX1V1 has no document id list !
2022-03-17 10:25:34,733 [WARN] DbBoards:130 - board STEVAL-STWINKT1 has no document id list !
2022-03-17 10:25:34,734 [WARN] DbBoards:130 - board STEVAL-IDP005V1 has no document id list !
2022-03-17 10:25:34,734 [WARN] DbBoards:130 - board STEVAL-IDP005V2 has no document id list !
2022-03-17 10:25:34,734 [WARN] DbBoards:130 - board STEVAL-STWINKT1B has no document id list !
2022-03-17 10:25:34,787 [ERROR] DbBoards:192 - Image file not found for board NUCLEO-F413ZH: C:\ST\STM32CubeIDE_1.2.0\STM32CubeIDE\plugins\com.st.stm32cube.common.mx_5.5.0.201912201511\\db\/plugins/mcufinder/images/boards/nucleo-f413zh_small.jpg
2022-03-17 10:25:34,817 [ERROR] DbBoards:192 - Image file not found for board NUCLEO-L552ZE-Q: C:\ST\STM32CubeIDE_1.2.0\STM32CubeIDE\plugins\com.st.stm32cube.common.mx_5.5.0.201912201511\\db\/plugins/mcufinder/images/boards/nucleo_l552ze_q_small.jpg
2022-03-17 10:25:34,914 [ERROR] DbBoards:192 - Image file not found for board P-NUCLEO-WB55: C:\ST\STM32CubeIDE_1.2.0\STM32CubeIDE\plugins\com.st.stm32cube.common.mx_5.5.0.201912201511\\db\/plugins/mcufinder/images/boards/p-nucleo-wb55_small.jpg
2022-03-17 10:25:35,253 [ERROR] DbBoards:192 - Image file not found for board STM32H7B3I-EVAL: C:\ST\STM32CubeIDE_1.2.0\STM32CubeIDE\plugins\com.st.stm32cube.common.mx_5.5.0.201912201511\\db\/plugins/mcufinder/images/boards/stm32h7b3ieval_small.jpg
2022-03-17 10:25:35,398 [ERROR] DbBoards:192 - Image file not found for board B-L462E-CELL1: C:\ST\STM32CubeIDE_1.2.0\STM32CubeIDE\plugins\com.st.stm32cube.common.mx_5.5.0.201912201511\\db\/plugins/mcufinder/images/boards/B-L462E-CELL1_small.jpg
2022-03-17 10:25:35,400 [ERROR] DbBoards:192 - Image file not found for board NUCLEO-WL55JC: C:\ST\STM32CubeIDE_1.2.0\STM32CubeIDE\plugins\com.st.stm32cube.common.mx_5.5.0.201912201511\\db\/plugins/mcufinder/images/boards/nucleo-wl55jc-small.jpg
2022-03-17 10:25:35,400 [ERROR] DbBoards:192 - Image file not found for board STM32H735G-DK: C:\ST\STM32CubeIDE_1.2.0\STM32CubeIDE\plugins\com.st.stm32cube.common.mx_5.5.0.201912201511\\db\/plugins/mcufinder/images/boards/STM32H735G_DK_small.jpg
2022-03-17 10:25:35,409 [ERROR] DbBoards:192 - Image file not found for board B-L4S5I-IOT01A: C:\ST\STM32CubeIDE_1.2.0\STM32CubeIDE\plugins\com.st.stm32cube.common.mx_5.5.0.201912201511\\db\/plugins/mcufinder/images/boards/B-L4S5I-IOT01A_small.jpg
2022-03-17 10:25:35,411 [ERROR] DbBoards:192 - Image file not found for board NUCLEO-WB55RG: C:\ST\STM32CubeIDE_1.2.0\STM32CubeIDE\plugins\com.st.stm32cube.common.mx_5.5.0.201912201511\\db\/plugins/mcufinder/images/boards/nucleo-wb55rg_small.jpg
2022-03-17 10:25:35,414 [ERROR] DbBoards:192 - Image file not found for board STM32G0C1E-EV: C:\ST\STM32CubeIDE_1.2.0\STM32CubeIDE\plugins\com.st.stm32cube.common.mx_5.5.0.201912201511\\db\/plugins/mcufinder/images/boards/stm32g0c1e-eval_small.jpg
2022-03-17 10:25:35,414 [ERROR] DbBoards:192 - Image file not found for board NUCLEO-WB15CC: C:\ST\STM32CubeIDE_1.2.0\STM32CubeIDE\plugins\com.st.stm32cube.common.mx_5.5.0.201912201511\\db\/plugins/mcufinder/images/boards/nucleo-wb15cc_small.jpg
2022-03-17 10:25:35,414 [ERROR] DbBoards:192 - Image file not found for board STM32WB5MM-DK: C:\ST\STM32CubeIDE_1.2.0\STM32CubeIDE\plugins\com.st.stm32cube.common.mx_5.5.0.201912201511\\db\/plugins/mcufinder/images/boards/STM32WB5MM-DK_small.jpg
2022-03-17 10:25:35,414 [ERROR] DbBoards:192 - Image file not found for board B-U585I-IOT02A: C:\ST\STM32CubeIDE_1.2.0\STM32CubeIDE\plugins\com.st.stm32cube.common.mx_5.5.0.201912201511\\db\/plugins/mcufinder/images/boards/B-U585I-IOT02A_small.jpg
2022-03-17 10:25:35,414 [ERROR] DbBoards:192 - Image file not found for board NUCLEO-U575ZI-Q: C:\ST\STM32CubeIDE_1.2.0\STM32CubeIDE\plugins\com.st.stm32cube.common.mx_5.5.0.201912201511\\db\/plugins/mcufinder/images/boards/nucleo-u575zi-q_small.jpg
2022-03-17 10:25:35,414 [ERROR] DbBoards:192 - Image file not found for board STM32U575I-EV: C:\ST\STM32CubeIDE_1.2.0\STM32CubeIDE\plugins\com.st.stm32cube.common.mx_5.5.0.201912201511\\db\/plugins/mcufinder/images/boards/stm32u575i-ev_small.jpg
2022-03-17 10:25:35,414 [ERROR] DbBoards:192 - Image file not found for board STEVAL-STWINKT1B: C:\ST\STM32CubeIDE_1.2.0\STM32CubeIDE\plugins\com.st.stm32cube.common.mx_5.5.0.201912201511\\db\/plugins/mcufinder/images/boards/steval-stwinkt1b_small.jpg
2022-03-17 10:25:35,414 [INFO] ApiDb:158 - Load user favorites file C:\Users\user/.stm32cubeide/favorites.boards.txt: 0 item(s)
2022-03-17 10:25:35,414 [INFO] ApiDb:163 - User favorites Boards=[]
2022-03-17 10:25:35,414 [INFO] DbBoards:209 - Set 0 / 0 favorites Boards
2022-03-17 10:25:35,457 [INFO] LoadUrlFilesThread:161 - End of LoadServerUrlFiles without Thread
2022-03-17 10:25:35,457 [INFO] BoardDetailPanel:179 - Set advertising image to C:/Users/user/STM32Cube/Repository/\en.Prom_NBSTM32U50921.jpg
2022-03-17 10:25:35,471 [INFO] BoardFilterPanel:211 - Update 0 favorites Boards
2022-03-17 10:25:35,511 [INFO] CrossSelectorPresenter:1319 - Cross Selector saved comparison directory: C:\Users\user\.stmcufinder\plugins\mcufinder\mcu\cs_comparisons_mx
2022-03-17 10:25:37,126 [INFO] ThirdPartyDb:261 - Close Third Party DataBase File (C:/Users/user/.stm32cubemx/plugins/thirdparty/db/thirdparties_db.xml)
2022-03-17 10:25:37,153 [INFO] IntegrityCheckThread:98 - End integrity checks thread
2022-03-17 10:25:50,718 [INFO] RetryExec:97 - I/O exception (org.apache.http.NoHttpResponseException) caught when processing request to {s}->https://download.eclipse.org:443: The target server failed to respond
2022-03-17 10:25:50,720 [INFO] RetryExec:113 - Retrying request to {s}->https://download.eclipse.org:443
2022-03-17 10:25:51,592 [INFO] RetryExec:97 - I/O exception (org.apache.http.NoHttpResponseException) caught when processing request to {s}->https://archive.eclipse.org:443: The target server failed to respond
2022-03-17 10:25:51,592 [INFO] RetryExec:113 - Retrying request to {s}->https://archive.eclipse.org:443
2022-03-17 10:25:52,554 [INFO] RetryExec:97 - I/O exception (org.apache.http.NoHttpResponseException) caught when processing request to {s}->https://download.eclipse.org:443: The target server failed to respond
2022-03-17 10:25:52,554 [INFO] RetryExec:113 - Retrying request to {s}->https://download.eclipse.org:443
2022-03-17 10:31:02,135 [INFO] LogOutputStream:76 - [STDOUT_REDIRECT] withoutVersionV1.8.4
2022-03-17 10:31:02,136 [INFO] LogOutputStream:76 - [STDOUT_REDIRECT] withoutVersionV1.8.3
2022-03-17 10:31:02,136 [INFO] LogOutputStream:76 - [STDOUT_REDIRECT] withoutVersionV1.8.2
2022-03-17 10:31:02,136 [INFO] LogOutputStream:76 - [STDOUT_REDIRECT] withoutVersionV1.8.1
2022-03-17 10:31:02,137 [INFO] LogOutputStream:76 - [STDOUT_REDIRECT] withoutVersionV1.8.0
2022-03-17 10:31:04,196 [INFO] LogOutputStream:76 - [STDOUT_REDIRECT] File copied successfully!!
2022-03-17 10:31:05,040 [INFO] MainUpdater:2230 - connection check result : 10
2022-03-17 10:31:05,061 [INFO] MicroXplorer:390 - Change Database Path : 
2022-03-17 10:31:05,061 [INFO] MicroXplorer:420 - Change Database Version : DB.5.0.50
2022-03-17 10:31:05,062 [INFO] PinOutPanel:1399 - setPackage(No Configuration,No Configuration)
2022-03-17 10:31:05,062 [INFO] UtilMem:74 - Begin LoadConfig() Used Memory: 545753024 Bytes (790626304)
2022-03-17 10:31:05,062 [INFO] OpenFileManager:274 - Change cursor
2022-03-17 10:31:05,780 [INFO] Rule:210 - rule SPDIFRX instance for mcu is applicable
2022-03-17 10:31:05,780 [INFO] Rule:210 - rule Rename Tracer Mode is applicable
2022-03-17 10:31:05,780 [INFO] Rule:210 - rule SPDIFRX instance value for IP SPDIFRX is applicable
2022-03-17 10:31:05,780 [INFO] Rule:210 - rule SPDIFRX instance for signal is applicable
2022-03-17 10:31:05,780 [INFO] Rule:210 - rule SPDIFRX instance for project manager is applicable
2022-03-17 10:31:05,780 [INFO] Rule:210 - rule SPDIFRX instance for project manager is applicable
2022-03-17 10:31:05,780 [INFO] Rule:210 - rule ADC Scan  fix with FW F7 is applicable
2022-03-17 10:31:05,781 [INFO] Rule:210 - rule ADC Scan  fix with FW F7 is applicable
2022-03-17 10:31:05,781 [INFO] Rule:210 - rule UART/USART WORD LENGTH 7 is applicable
2022-03-17 10:31:05,781 [INFO] Rule:210 - rule UART/USART WORD LENGTH 8 is applicable
2022-03-17 10:31:05,781 [INFO] Rule:210 - rule UART/USART WORD LENGTH 9 is applicable
2022-03-17 10:31:05,781 [INFO] Rule:210 - rule ADC SamplingTime fix with FW L0  is applicable
2022-03-17 10:31:05,781 [INFO] Rule:210 - rule ADC SamplingTime fix with FW L0  is applicable
2022-03-17 10:31:05,781 [INFO] Rule:210 - rule ADC SamplingTime fix with FW L0 is applicable
2022-03-17 10:31:05,781 [INFO] Rule:210 - rule ADC SamplingTime fix with FW L0 is applicable
2022-03-17 10:31:05,781 [INFO] Rule:210 - rule ADC SamplingTime fix with FW L0  is applicable
2022-03-17 10:31:05,781 [INFO] Rule:210 - rule ADC SamplingTime fix with FW L0 is applicable
2022-03-17 10:31:05,781 [INFO] Rule:210 - rule Rename USB_OE Signal is applicable
2022-03-17 10:31:05,781 [INFO] Rule:210 - rule Rename Activate_OE Mode is applicable
2022-03-17 10:31:05,781 [INFO] Rule:210 - rule Rename DIE462/DIE415 pin PC14/OSC32_IN -> PC14-OSC32_IN (PC14) is applicable
2022-03-17 10:31:05,782 [INFO] Rule:210 - rule Rename DIE462/DIE415 pin PC15/OSC32_OUT -> PC15-OSC32_OUT (PC15) is applicable
2022-03-17 10:31:05,782 [INFO] Rule:210 - rule Rename DIE462/DIE415 pin PH0/OSC_IN -> PH0-OSC_IN (PH0) is applicable
2022-03-17 10:31:05,782 [INFO] Rule:210 - rule Rename DIE462/DIE415 pin PH1/OSC_OUT -> PH1-OSC_OUT (PH1) is applicable
2022-03-17 10:31:05,782 [INFO] Rule:210 - rule Rename DIE462 pin PA13 -> PA13 (JTMS/SWDIO) is applicable
2022-03-17 10:31:05,782 [INFO] Rule:210 - rule Rename DIE415 pin PA13 -> PA13 (JTMS/SWDIO) is applicable
2022-03-17 10:31:05,782 [INFO] Rule:210 - rule Rename DIE462 pin PA14 -> PA14 (JTCK/SWCLK) is applicable
2022-03-17 10:31:05,782 [INFO] Rule:210 - rule Rename DIE415 pin PA14 -> PA14 (JTCK/SWCLK) is applicable
2022-03-17 10:31:05,782 [INFO] Rule:210 - rule Rename DIE462/DIE415 pin PA15 -> PA15 (JTDI) is applicable
2022-03-17 10:31:05,782 [INFO] Rule:210 - rule Rename DIE462 pin PB3 -> PB3 (JTD0/TRACESWO) is applicable
2022-03-17 10:31:05,782 [INFO] Rule:210 - rule Rename DIE415 pin PB3 -> PB3 (JTD0-TRACESWO) is applicable
2022-03-17 10:31:05,782 [INFO] Rule:210 - rule Rename DIE462/DIE415 pin PB4 -> PB4 (NJTRST) is applicable
2022-03-17 10:31:05,782 [INFO] Rule:210 - rule Rename DIE462 pin PH3/BOOT0 -> PH3-BOOT0 (BOOT0) is applicable
2022-03-17 10:31:05,782 [INFO] Rule:210 - rule Rename CRYP DataEncryptionTypesList to Algorithm is applicable
2022-03-17 10:31:05,782 [INFO] Rule:210 - rule Rename AES DataEncryptionTypesList to Algorithm is applicable
2022-03-17 10:31:05,782 [INFO] Rule:210 - rule Rename TDESECB to CRYP_TDES_ECB is applicable
2022-03-17 10:31:05,782 [INFO] Rule:210 - rule Rename TDESCBC to CRYP_TDES_CBC is applicable
2022-03-17 10:31:05,782 [INFO] Rule:210 - rule Rename DESECB to CRYP_DES_ECB is applicable
2022-03-17 10:31:05,782 [INFO] Rule:210 - rule Rename DESCBC to CRYP_DES_CBC is applicable
2022-03-17 10:31:05,782 [INFO] Rule:210 - rule Rename AESECB to CRYP_AES_ECB is applicable
2022-03-17 10:31:05,783 [INFO] Rule:210 - rule Rename AESCBC to CRYP_AES_CBC is applicable
2022-03-17 10:31:05,783 [INFO] Rule:210 - rule Rename AESCTR to CRYP_AES_CTR is applicable
2022-03-17 10:31:05,783 [INFO] Rule:210 - rule Rename AESGCM to CRYP_AES_GCM is applicable
2022-03-17 10:31:05,783 [INFO] Rule:210 - rule Rename AESCCM to CRYP_AES_CCM is applicable
2022-03-17 10:31:05,783 [INFO] Rule:210 - rule Rename CAN TimeSeg1 to BS1 is applicable
2022-03-17 10:31:05,783 [INFO] Rule:210 - rule Rename CAN TimeSeg2 to BS2 is applicable
2022-03-17 10:31:05,783 [INFO] Rule:210 - rule Rename CAN SyncJumpWidth to SJW is applicable
2022-03-17 10:31:05,783 [INFO] Rule:210 - rule TimeTriggeredMode to TTCM is applicable
2022-03-17 10:31:05,783 [INFO] Rule:210 - rule Rename CAN AutoBusOff to ABOM is applicable
2022-03-17 10:31:05,783 [INFO] Rule:210 - rule Rename CAN AutoWakeUp to AWUM is applicable
2022-03-17 10:31:05,783 [INFO] Rule:210 - rule Rename CAN AutoRetransmission to NART is applicable
2022-03-17 10:31:05,783 [INFO] Rule:210 - rule Rename CAN ReceiveFifoLocked to RFLM is applicable
2022-03-17 10:31:05,783 [INFO] Rule:210 - rule Rename CAN TransmitFifoPriority to TXFP is applicable
2022-03-17 10:31:05,783 [INFO] Rule:210 - rule Rename HRTIMER HRTIM_OUTPUTFAULTLEVEL_HIGH in HRTIMER HRTIM_OUTPUTFAULTLEVEL_HIGHZ is applicable
2022-03-17 10:31:05,783 [INFO] Rule:210 - rule Rename TIMER TIM_CLEARINPUTSOURCE_OCREFCLR in  TIMER TIM_CLEARINPUTSOURCE_NONE for F7 family is applicable
2022-03-17 10:31:05,783 [INFO] Rule:210 - rule FDCAN_R1 - Rename FDCAN mode Master into Classic is applicable
2022-03-17 10:31:05,783 [INFO] Rule:210 - rule FDCAN_R2 - Rename FDCAN mode Slave into Classic is applicable
2022-03-17 10:31:05,783 [INFO] Rule:210 - rule FDCAN1_R3 - if PA10.Mode=FullDuplex, add Pin PA12 is applicable
2022-03-17 10:31:05,783 [INFO] Rule:210 - rule FDCAN1_R3 - if PA9.Mode=FullDuplex, add Pin PA11 is applicable
2022-03-17 10:31:05,784 [INFO] Rule:210 - rule FDCAN1_R3 - Alternatepin_1 - if PE1.Mode=FullDuplex, add Pin PB9 is applicable
2022-03-17 10:31:05,784 [INFO] Rule:210 - rule FDCAN1_R3 - Alternatepin_1 - if PE0.Mode=FullDuplex, add Pin PB8 is applicable
2022-03-17 10:31:05,784 [INFO] Rule:210 - rule FDCAN1_R3 - Alternatepin_2 - if PD5.Mode=FullDuplex, add Pin PD1 is applicable
2022-03-17 10:31:05,784 [INFO] Rule:210 - rule FDCAN1_R3 - Alternatepin_2 - if PD4.Mode=FullDuplex, add Pin PD0 is applicable
2022-03-17 10:31:05,784 [INFO] Rule:210 - rule FDCAN1_R4 - Rename Mode FullDuplex into Enable FDCAN_TXFD for pin PA10 is applicable
2022-03-17 10:31:05,784 [INFO] Rule:210 - rule FDCAN1_R4 - Rename Mode FullDuplex into Enable FDCAN_TXFD for pin PA9 is applicable
2022-03-17 10:31:05,784 [INFO] Rule:210 - rule FDCAN1_R4 - Alternatepin_1 - Rename Mode FullDuplex into Enable FDCAN_TXFD for pin PE1 is applicable
2022-03-17 10:31:05,784 [INFO] Rule:210 - rule FDCAN1_R4 - Alternatepin_1 - Rename Mode FullDuplex into Enable FDCAN_TXFD for pin PE0 is applicable
2022-03-17 10:31:05,784 [INFO] Rule:210 - rule FDCAN1_R4 - Alternatepin_2 - Rename Mode FullDuplex into Enable FDCAN_TXFD for pin PD5 is applicable
2022-03-17 10:31:05,784 [INFO] Rule:210 - rule FDCAN1_R4 - Alternatepin_2 - Rename Mode FullDuplex into Enable FDCAN_TXFD for pin PD4 is applicable
2022-03-17 10:31:05,784 [INFO] Rule:210 - rule FDCAN2_R3 - if PD10.Mode=FullDuplex, add Pin PB13 is applicable
2022-03-17 10:31:05,784 [INFO] Rule:210 - rule FDCAN2_R3 - if PD9.Mode=FullDuplex, add Pin PB12 is applicable
2022-03-17 10:31:05,784 [INFO] Rule:210 - rule FDCAN2_R3 - Alternatepin_1 - if PB7.Mode=FullDuplex, add Pin PB6 is applicable
2022-03-17 10:31:05,784 [INFO] Rule:210 - rule FDCAN2_R3 - Alternatepin_1 - if PD9.Mode=FullDuplex, add Pin PB12 is applicable
2022-03-17 10:31:05,784 [INFO] Rule:210 - rule FDCAN2_R4 - Rename Mode FullDuplex into Enable FDCAN_TXFD for pin PD10 is applicable
2022-03-17 10:31:05,784 [INFO] Rule:210 - rule FDCAN2_R4 - Rename Mode FullDuplex into Enable FDCAN_TXFD for pin PD9 is applicable
2022-03-17 10:31:05,784 [INFO] Rule:210 - rule FDCAN2_R4 - Alternatepin_1 - Rename Mode FullDuplex into Enable FDCAN_TXFD for pin PB7 is applicable
2022-03-17 10:31:05,784 [INFO] Rule:210 - rule FDCAN2_R4 - Alternatepin_1 - Rename Mode FullDuplex into Enable FDCAN_TXFD for pin PD6 is applicable
2022-03-17 10:31:05,784 [INFO] Rule:210 - rule USART TxPinLevelInvertParam Mode is applicable
2022-03-17 10:31:05,785 [INFO] Rule:210 - rule USART RxPinLevelInvertParam Mode is applicable
2022-03-17 10:31:05,785 [INFO] Rule:210 - rule USART DataInvertParam Mode is applicable
2022-03-17 10:31:05,785 [INFO] Rule:210 - rule USART SwapParam Mode is applicable
2022-03-17 10:31:05,785 [INFO] Rule:210 - rule USART OverrunDisableParam Mode is applicable
2022-03-17 10:31:05,785 [INFO] Rule:210 - rule USART DMADisableonRxErrorParam Mode is applicable
2022-03-17 10:31:05,785 [INFO] Rule:210 - rule USART MSBFirstParam Mode is applicable
2022-03-17 10:31:05,785 [INFO] Rule:210 - rule Update MwName for USB_DEVICE is applicable
2022-03-17 10:31:05,785 [INFO] Rule:210 - rule Change PWR_Regulator_Voltage_Scale Default Value for RCC  H7 family is applicable
2022-03-17 10:31:05,785 [INFO] Rule:210 - rule UART/USART IPParameter rename Prescaler parameter to ClockPrescaler is applicable
2022-03-17 10:31:05,785 [INFO] Rule:210 - rule UART/USART Prescaler rename Prescaler parameter to ClockPrescaler is applicable
2022-03-17 10:31:05,785 [INFO] Rule:210 - rule TIM1CLockSelection is applicable
2022-03-17 10:31:05,785 [INFO] Rule:210 - rule TIM15CLockSelection is applicable
2022-03-17 10:31:05,785 [INFO] Rule:210 - rule align RCC SDMMC3CLockSelection default value on MP1 is applicable
2022-03-17 10:31:05,785 [INFO] Rule:210 - rule align RCC SDMMC12CLockSelection default value on MP1 is applicable
2022-03-17 10:31:05,785 [INFO] Rule:210 - rule align RCC QSPICLockSelection default value on MP1 is applicable
2022-03-17 10:31:05,785 [INFO] Rule:210 - rule align RCC QSPICLockSelection default value on MP1 is applicable
2022-03-17 10:31:05,785 [INFO] Rule:210 - rule align RCC SPI6CLockSelection default value on MP1 is applicable
2022-03-17 10:31:05,785 [INFO] Rule:210 - rule align RCC LPTIM23CLockSelection default value on MP1 is applicable
2022-03-17 10:31:05,785 [INFO] Rule:210 - rule align RCC LPTIM1CLockSelection default value on MP1 is applicable
2022-03-17 10:31:05,786 [INFO] Rule:210 - rule align RCC USART1CLockSelection default value on MP1 is applicable
2022-03-17 10:31:05,786 [INFO] Rule:210 - rule align RCC USART24CLockSelection default value on MP1 is applicable
2022-03-17 10:31:05,786 [INFO] Rule:210 - rule align RCC USART6CLockSelection default value on MP1 is applicable
2022-03-17 10:31:05,786 [INFO] Rule:210 - rule align RCC UART78CLockSelection default value on MP1 is applicable
2022-03-17 10:31:05,786 [INFO] Rule:210 - rule align RCC USART35CLockSelection default value on MP1 is applicable
2022-03-17 10:31:05,786 [INFO] Rule:210 - rule align RCC SPI45CLockSelection default value on MP1 is applicable
2022-03-17 10:31:05,786 [INFO] Rule:210 - rule align RCC I2C46CLockSelection BCLK value on MP1 is applicable
2022-03-17 10:31:05,786 [INFO] Rule:210 - rule align RCC SPI45CLockSelection default value on MP1 is applicable
2022-03-17 10:31:05,786 [INFO] Rule:210 - rule align RCC I2C12CLockSelection default value on MP1 is applicable
2022-03-17 10:31:05,786 [INFO] Rule:210 - rule align RCC I2C35CLockSelection default value on MP1 is applicable
2022-03-17 10:31:05,786 [INFO] Rule:210 - rule align RCC LPTIM45CLockSelection default value on MP1 is applicable
2022-03-17 10:31:05,786 [INFO] Rule:210 - rule Rename DCMI PIXCK signal is applicable
2022-03-17 10:31:05,786 [INFO] Rule:210 - rule Change Default Value for I2C46CLockSelection MP1 family is applicable
2022-03-17 10:31:05,786 [INFO] Rule:210 - rule Change Default Value for UART for G4, G0 and WB families is applicable
2022-03-17 10:31:05,786 [INFO] Rule:210 - rule Change Default Value for USART for G4, G0 and WB families is applicable
2022-03-17 10:31:05,786 [INFO] Rule:210 - rule Change Default Value for USART for G4 family is applicable
2022-03-17 10:31:05,786 [INFO] Rule:210 - rule Change USART1CLockSelection refparam name for MP1 is applicable
2022-03-17 10:31:05,786 [INFO] Rule:210 - rule Change USART2CLockSelection refparam name for MP1 is applicable
2022-03-17 10:31:05,787 [INFO] Rule:210 - rule Change USART3CLockSelection refparam name for MP1 is applicable
2022-03-17 10:31:05,787 [INFO] Rule:210 - rule Change UART4CLockSelection refparam name for MP1 is applicable
2022-03-17 10:31:05,787 [INFO] Rule:210 - rule Change UART5CLockSelection refparam name for MP1 is applicable
2022-03-17 10:31:05,787 [INFO] Rule:210 - rule Change LPUART1CLockSelection refparam name for MP1 is applicable
2022-03-17 10:31:05,787 [INFO] Rule:210 - rule Change LPTIM1CLockSelection refparam name for MP1 is applicable
2022-03-17 10:31:05,787 [INFO] Rule:210 - rule Change LPTIM2CLockSelection refparam name for MP1 is applicable
2022-03-17 10:31:05,787 [INFO] Rule:210 - rule Change RCC_MCO1Source refparam name for MP1 is applicable
2022-03-17 10:31:05,787 [INFO] Rule:210 - rule Change LSCOSource1 refparam name for MP1 is applicable
2022-03-17 10:31:05,787 [INFO] Rule:210 - rule Change SMPSCLockSelection refparam name for MP1 is applicable
2022-03-17 10:31:05,787 [INFO] Rule:210 - rule Change LPTIM3CLockSelection refparam name for MP1 is applicable
2022-03-17 10:31:05,787 [INFO] Rule:210 - rule Change MPCBB* Default Template Mode to Parameters is applicable
2022-03-17 10:31:05,787 [INFO] Rule:210 - rule Change MPCWM* or MPCBB* Secure Mode to Parameters is applicable
2022-03-17 10:31:05,787 [INFO] Rule:210 - rule Change MPCWM* or MPCBB* No Secure Mode to Parameters is applicable
2022-03-17 10:31:05,787 [INFO] Rule:210 - rule Change TZSC IP Secure Mode to Parameters is applicable
2022-03-17 10:31:05,787 [INFO] Rule:210 - rule Change TZSC IP No Secure Mode to Parameters is applicable
2022-03-17 10:31:05,787 [INFO] Rule:210 - rule Change TZSC IP Privilege Mode to Parameters is applicable
2022-03-17 10:31:05,787 [INFO] Rule:210 - rule Change TZSC IP No Privilege Mode to Parameters is applicable
2022-03-17 10:31:05,787 [INFO] Rule:210 - rule Change TZIC IT Secure Mode to Parameters is applicable
2022-03-17 10:31:05,787 [INFO] Rule:210 - rule Change TZIC IT No Secure Mode to Parameters is applicable
2022-03-17 10:31:05,788 [INFO] Rule:210 - rule Add MPCBB1_NonSecureArea_Start_Address value with referenced to MPCBB1_NonSecureArea_Start value is applicable
2022-03-17 10:31:05,788 [INFO] Rule:210 - rule Add MPCBB2_NonSecureArea_Start_Address value with referenced to MPCBB2_NonSecureArea_Start value is applicable
2022-03-17 10:31:05,788 [INFO] Rule:210 - rule Add MPCWM1_NonSecureArea*_Start_Address value with referenced to MPCWM1_NonSecureArea*_Start value is applicable
2022-03-17 10:31:05,788 [INFO] Rule:210 - rule Add MPCWM2_NonSecureArea*_Start_Address value with referenced to MPCWM2_NonSecureArea*_Start value is applicable
2022-03-17 10:31:05,788 [INFO] Rule:210 - rule Add MPCWM3_NonSecureArea_Start_Address value with referenced to MPCWM3_NonSecureArea_Start value is applicable
2022-03-17 10:31:05,792 [INFO] DbConfProperties:222 - Apply Compatibility (21/138 Rules)
2022-03-17 10:31:05,803 [INFO] ImportTextPane:162 - (OptionalMessage_ERROR) Unable to find key (Mcu.ThirdPartyNb) in loaded IOC file
2022-03-17 10:31:05,821 [INFO] ImportTextPane:162 - (OptionalMessage_ERROR) IP (RCC) : Parameter (ADCFreqValue) has invalid value (32000000)
2022-03-17 10:31:05,822 [INFO] ImportTextPane:162 - (OptionalMessage_ERROR) IP (RCC) : Invalid parameter (FamilyName)
2022-03-17 10:31:05,822 [INFO] ImportTextPane:162 - (OptionalMessage_ERROR) IP (RCC) : Parameter (MCOFreq_Value) has invalid value (64000000)
2022-03-17 10:31:05,822 [INFO] ImportTextPane:162 - (OptionalMessage_ERROR) IP (RCC) : Parameter (USBFreq_Value) has invalid value (64000000)
2022-03-17 10:31:05,908 [INFO] UtilMem:74 - End LoadConfig() Used Memory: 514905568 Bytes (790626304)
2022-03-17 10:31:05,919 [INFO] ThirdPartyDb:295 - Open Third Party DataBase File (C:/Users/user/.stm32cubemx/plugins/thirdparty/db/thirdparties_db.xml) : 4 ms. number of Sw pack : 26
2022-03-17 10:31:06,048 [INFO] ThirdParty:899 - CMSIS Pack Vendor :STMicroelectronics X-CUBE-SFXS2LP1 3.1.0
2022-03-17 10:31:06,048 [INFO] ThirdParty:899 - CMSIS Pack Vendor :RoweBots I-CUBE-UNISONRTOS 5.5.0-4
2022-03-17 10:31:06,048 [INFO] ThirdParty:899 - CMSIS Pack Vendor :STMicroelectronics X-CUBE-SFXS2LP1 3.0.0
2022-03-17 10:31:06,048 [INFO] ThirdParty:899 - CMSIS Pack Vendor :STMicroelectronics X-CUBE-BLE1 6.2.3
2022-03-17 10:31:06,048 [INFO] ThirdParty:899 - CMSIS Pack Vendor :STMicroelectronics X-CUBE-ALGOBUILD 1.3.0
2022-03-17 10:31:06,048 [INFO] ThirdParty:899 - CMSIS Pack Vendor :STMicroelectronics X-CUBE-EEPRMA1 3.0.0
2022-03-17 10:31:06,048 [INFO] ThirdParty:899 - CMSIS Pack Vendor :STMicroelectronics X-CUBE-MEMS1 8.3.0
2022-03-17 10:31:06,048 [INFO] ThirdParty:899 - CMSIS Pack Vendor :STMicroelectronics FreeRTOS 0.0.1
2022-03-17 10:31:06,048 [INFO] ThirdParty:899 - CMSIS Pack Vendor :SEGGER I-CUBE-embOS 1.2.0
2022-03-17 10:31:06,048 [INFO] ThirdParty:899 - CMSIS Pack Vendor :STMicroelectronics X-CUBE-ALGOBUILD 1.2.0
2022-03-17 10:31:06,048 [INFO] ThirdParty:899 - CMSIS Pack Vendor :STMicroelectronics X-CUBE-EEPRMA1 3.1.1
2022-03-17 10:31:06,048 [INFO] ThirdParty:899 - CMSIS Pack Vendor :STMicroelectronics X-CUBE-GNSS1 5.2.0
2022-03-17 10:31:06,048 [INFO] ThirdParty:899 - CMSIS Pack Vendor :STMicroelectronics X-CUBE-BLE1 6.2.0
2022-03-17 10:31:06,048 [INFO] ThirdParty:899 - CMSIS Pack Vendor :STMicroelectronics X-CUBE-NFC7 1.0.0
2022-03-17 10:31:06,048 [INFO] ThirdParty:899 - CMSIS Pack Vendor :STMicroelectronics X-CUBE-BLE2 3.2.2
2022-03-17 10:31:06,048 [INFO] ThirdParty:899 - CMSIS Pack Vendor :STMicroelectronics X-CUBE-NFC4 2.0.3
2022-03-17 10:31:06,048 [INFO] ThirdParty:899 - CMSIS Pack Vendor :STMicroelectronics X-CUBE-NFC4 2.0.2
2022-03-17 10:31:06,048 [INFO] ThirdParty:899 - CMSIS Pack Vendor :STMicroelectronics X-CUBE-MEMS1 9.1.0
2022-03-17 10:31:06,049 [INFO] ThirdParty:899 - CMSIS Pack Vendor :STMicroelectronics X-CUBE-TOF1 1.0.0
2022-03-17 10:31:06,049 [INFO] ThirdParty:899 - CMSIS Pack Vendor :wolfSSL I-CUBE-wolfSSL 4.7.0
2022-03-17 10:31:06,049 [INFO] ThirdParty:899 - CMSIS Pack Vendor :STMicroelectronics X-CUBE-BLE2 3.2.0
2022-03-17 10:31:06,154 [INFO] PinOutPanel:1399 - setPackage(No Configuration,No Configuration)
2022-03-17 10:31:06,155 [INFO] PinOutPanel:1399 - setPackage(STM32F103RBTx,LQFP64)
2022-03-17 10:31:06,374 [INFO] UtilMem:74 - Before build in PCC Used Memory: 453430552 Bytes (790626304)
2022-03-17 10:31:06,558 [INFO] SharedServices:71 - Folder for power plug-in: C:/Users/user/.stm32cubemx/plugins/power
2022-03-17 10:31:06,559 [INFO] UtilMem:74 - After build in PCC Used Memory: 467264272 Bytes (790626304)
2022-03-17 10:31:06,571 [INFO] IPUIPlugin:65 - create IPUIPlugin
2022-03-17 10:31:06,571 [INFO] IPUIPlugin:65 - create IPUIPlugin
2022-03-17 10:31:06,571 [INFO] IPUIPlugin:65 - create IPUIPlugin
2022-03-17 10:31:06,571 [INFO] IPUIPlugin:65 - create IPUIPlugin
2022-03-17 10:31:06,571 [INFO] IPUIPlugin:65 - create IPUIPlugin
2022-03-17 10:31:06,571 [INFO] IPUIPlugin:65 - create IPUIPlugin
2022-03-17 10:31:06,572 [INFO] IPUIPlugin:65 - create IPUIPlugin
2022-03-17 10:31:06,572 [INFO] IPUIPlugin:65 - create IPUIPlugin
2022-03-17 10:31:06,572 [INFO] IPUIPlugin:65 - create IPUIPlugin
2022-03-17 10:31:06,572 [INFO] IPUIPlugin:65 - create IPUIPlugin
2022-03-17 10:31:06,572 [INFO] IPUIPlugin:65 - create IPUIPlugin
2022-03-17 10:31:06,572 [INFO] IPUIPlugin:65 - create IPUIPlugin
2022-03-17 10:31:06,572 [INFO] IPUIPlugin:65 - create IPUIPlugin
2022-03-17 10:31:06,572 [INFO] IPUIPlugin:65 - create IPUIPlugin
2022-03-17 10:31:06,572 [INFO] IPUIPlugin:65 - create IPUIPlugin
2022-03-17 10:31:06,573 [INFO] IPUIPlugin:65 - create IPUIPlugin
2022-03-17 10:31:06,573 [INFO] IPUIPlugin:65 - create IPUIPlugin
2022-03-17 10:31:06,573 [INFO] IPUIPlugin:65 - create IPUIPlugin
2022-03-17 10:31:06,573 [INFO] IPUIPlugin:65 - create IPUIPlugin
2022-03-17 10:31:06,573 [INFO] IPUIPlugin:65 - create IPUIPlugin
2022-03-17 10:31:06,573 [INFO] IPUIPlugin:65 - create IPUIPlugin
2022-03-17 10:31:06,573 [INFO] IPUIPlugin:65 - create IPUIPlugin
2022-03-17 10:31:06,573 [INFO] IPUIPlugin:65 - create IPUIPlugin
2022-03-17 10:31:06,573 [INFO] IPUIPlugin:65 - create IPUIPlugin
2022-03-17 10:31:06,574 [INFO] IPUIPlugin:65 - create IPUIPlugin
2022-03-17 10:31:06,574 [INFO] IPUIPlugin:65 - create IPUIPlugin
2022-03-17 10:31:06,574 [INFO] IPUIPlugin:65 - create IPUIPlugin
2022-03-17 10:31:06,595 [INFO] LogOutputStream:76 - [STDOUT_REDIRECT] toolchainItems.length=====1
2022-03-17 10:31:06,637 [INFO] OpenFileManager:294 - Restore cursor
2022-03-17 10:31:06,774 [INFO] UtilMem:74 - End SaveConfig() Used Memory: 496878672 Bytes (790626304)
2022-03-17 10:31:06,797 [INFO] UtilMem:74 - End SaveConfig() Used Memory: 500024464 Bytes (790626304)
2022-03-17 10:31:07,174 [INFO] BlockDiagram:2751 - set Specific Code input for plugin: NVIC
2022-03-17 10:31:07,174 [INFO] BlockDiagram:2751 - set Specific Code input for plugin: USART
2022-03-17 10:31:07,174 [INFO] BlockDiagram:2751 - set Specific Code input for plugin: SYS
2022-03-17 10:31:07,175 [INFO] BlockDiagram:2751 - set Specific Code input for plugin: GPIO
2022-03-17 10:31:07,175 [INFO] BlockDiagram:2751 - set Specific Code input for plugin: RCC
2022-03-17 10:31:07,176 [INFO] CodeGenerator:601 - code generatio: config db path: C:\ST\STM32CubeIDE_1.2.0\STM32CubeIDE\plugins\com.st.stm32cube.common.mx_5.5.0.201912201511\\db\
2022-03-17 10:31:07,383 [INFO] CodeEngine:193 - oldGeneratedFile, C:\ljh\a15-03-uartTXmode\MXTmpFiles\license.tmp_save
2022-03-17 10:31:07,562 [INFO] CodeEngine:211 - Generated code: C:\ljh\a15-03-uartTXmode\MXTmpFiles\license.tmp
2022-03-17 10:31:07,627 [INFO] CodeEngine:193 - oldGeneratedFile, C:\ljh\a15-03-uartTXmode\MXTmpFiles\gpio.tmp_save
2022-03-17 10:31:07,716 [INFO] CodeEngine:211 - Generated code: C:\ljh\a15-03-uartTXmode\MXTmpFiles\gpio.tmp
2022-03-17 10:31:07,781 [INFO] LogOutputStream:76 - [STDOUT_REDIRECT] Command line
2022-03-17 10:31:07,782 [INFO] LogOutputStream:76 - [STDOUT_REDIRECT] Debug : prepare data for USART
2022-03-17 10:31:07,782 [INFO] LogOutputStream:76 - [STDOUT_REDIRECT] Command line test
2022-03-17 10:31:07,784 [INFO] LogOutputStream:76 - [STDOUT_REDIRECT] Debug : prepare data for NVIC
2022-03-17 10:31:07,785 [INFO] LogOutputStream:76 - [STDOUT_REDIRECT] Command line test
2022-03-17 10:31:07,792 [INFO] CodeEngine:193 - oldGeneratedFile, C:\ljh\a15-03-uartTXmode\Core\Src\stm32f1xx_it.c_save
2022-03-17 10:31:08,000 [INFO] CodeEngine:211 - Generated code: C:\ljh\a15-03-uartTXmode\Core\Src\stm32f1xx_it.c
2022-03-17 10:31:08,006 [INFO] CodeEngine:193 - oldGeneratedFile, C:\ljh\a15-03-uartTXmode\Core\Inc\stm32f1xx_it.h_save
2022-03-17 10:31:08,064 [INFO] CodeEngine:211 - Generated code: C:\ljh\a15-03-uartTXmode\Core\Inc\stm32f1xx_it.h
2022-03-17 10:31:08,073 [INFO] CodeEngine:193 - oldGeneratedFile, C:\ljh\a15-03-uartTXmode\Core\Src\stm32f1xx_hal_msp.c_save
2022-03-17 10:31:08,162 [INFO] CodeEngine:211 - Generated code: C:\ljh\a15-03-uartTXmode\Core\Src\stm32f1xx_hal_msp.c
2022-03-17 10:31:08,168 [INFO] CodeEngine:193 - oldGeneratedFile, C:\ljh\a15-03-uartTXmode\MXTmpFiles\system.tmp_save
2022-03-17 10:31:08,222 [INFO] CodeEngine:211 - Generated code: C:\ljh\a15-03-uartTXmode\MXTmpFiles\system.tmp
2022-03-17 10:31:08,231 [INFO] CodeEngine:193 - oldGeneratedFile, C:\ljh\a15-03-uartTXmode\Core\Inc\stm32f1xx_hal_conf.h_save
2022-03-17 10:31:08,282 [INFO] CodeEngine:211 - Generated code: C:\ljh\a15-03-uartTXmode\Core\Inc\stm32f1xx_hal_conf.h
2022-03-17 10:31:08,292 [WARN] IPConfigManager:2706 - IP not found : gpio
2022-03-17 10:31:08,293 [WARN] CodeGenerator:2776 - IP not found : gpio
2022-03-17 10:31:08,297 [INFO] CodeEngine:193 - oldGeneratedFile, C:\ljh\a15-03-uartTXmode\Core\Inc\main.h_save
2022-03-17 10:31:08,344 [INFO] CodeEngine:211 - Generated code: C:\ljh\a15-03-uartTXmode\Core\Inc\main.h
2022-03-17 10:31:08,349 [INFO] CodeEngine:193 - oldGeneratedFile, C:\ljh\a15-03-uartTXmode\Core\Src\main.c_save
2022-03-17 10:31:08,422 [INFO] CodeEngine:211 - Generated code: C:\ljh\a15-03-uartTXmode\Core\Src\main.c
2022-03-17 10:31:08,806 [INFO] ProjectBuilder:1843 - Time for Copy HAL[1] : 40mS.
2022-03-17 10:31:08,808 [INFO] ProjectBuilder:2428 - Project Generator version: 3.6.0
2022-03-17 10:31:09,048 [INFO] ConfigFileManager:1043 - The Die is : DIE410
2022-03-17 10:31:11,379 [INFO] ProjectBuilder:2595 - Time for Generating toolchain IDE Files: 2571mS.
2022-03-17 10:31:11,379 [INFO] ProjectBuilder:1703 - Time for Copy CMSIS : 0mS.
2022-03-17 10:31:11,380 [INFO] ProjectBuilder:1703 - Time for Copy CMSIS : 0mS.
2022-03-17 10:38:29,424 [INFO] Gpio:248 - dependency for GPIO [RCC, SYS, USART2]
2022-03-17 10:41:53,988 [INFO] Gpio:248 - dependency for GPIO [RCC, SYS, USART2]
2022-03-17 10:41:56,453 [INFO] Gpio:248 - dependency for GPIO [RCC, SYS, USART2]
2022-03-17 10:43:52,936 [INFO] Gpio:248 - dependency for GPIO [RCC, SYS, USART2]
2022-03-17 10:44:04,433 [INFO] BinarySerializedPackPreferences:66 - Sw Pack name : STMicroelectronics.X-CUBE-SFXS2LP1.3.1.0 preferred : false
2022-03-17 10:44:04,433 [INFO] BinarySerializedPackPreferences:66 - Sw Pack name : RoweBots.I-CUBE-UNISONRTOS.5.5.0-4 preferred : false
2022-03-17 10:44:04,433 [INFO] BinarySerializedPackPreferences:66 - Sw Pack name : STMicroelectronics.X-CUBE-SFXS2LP1.3.0.0 preferred : false
2022-03-17 10:44:04,433 [INFO] BinarySerializedPackPreferences:66 - Sw Pack name : STMicroelectronics.X-CUBE-BLE1.6.2.3 preferred : false
2022-03-17 10:44:04,433 [INFO] BinarySerializedPackPreferences:66 - Sw Pack name : STMicroelectronics.X-CUBE-ALGOBUILD.1.3.0 preferred : false
2022-03-17 10:44:04,433 [INFO] BinarySerializedPackPreferences:66 - Sw Pack name : STMicroelectronics.X-CUBE-EEPRMA1.3.0.0 preferred : false
2022-03-17 10:44:04,433 [INFO] BinarySerializedPackPreferences:66 - Sw Pack name : STMicroelectronics.X-CUBE-MEMS1.8.3.0 preferred : false
2022-03-17 10:44:04,433 [INFO] BinarySerializedPackPreferences:66 - Sw Pack name : STMicroelectronics.FreeRTOS.0.0.1 preferred : false
2022-03-17 10:44:04,433 [INFO] BinarySerializedPackPreferences:66 - Sw Pack name : SEGGER.I-CUBE-embOS.1.2.0 preferred : false
2022-03-17 10:44:04,433 [INFO] BinarySerializedPackPreferences:66 - Sw Pack name : STMicroelectronics.X-CUBE-ALGOBUILD.1.2.0 preferred : false
2022-03-17 10:44:04,433 [INFO] BinarySerializedPackPreferences:66 - Sw Pack name : STMicroelectronics.X-CUBE-EEPRMA1.3.1.1 preferred : false
2022-03-17 10:44:04,434 [INFO] BinarySerializedPackPreferences:66 - Sw Pack name : STMicroelectronics.X-CUBE-GNSS1.5.2.0 preferred : false
2022-03-17 10:44:04,434 [INFO] BinarySerializedPackPreferences:66 - Sw Pack name : STMicroelectronics.X-CUBE-BLE1.6.2.0 preferred : false
2022-03-17 10:44:04,434 [INFO] BinarySerializedPackPreferences:66 - Sw Pack name : STMicroelectronics.X-CUBE-NFC7.1.0.0 preferred : false
2022-03-17 10:44:04,434 [INFO] BinarySerializedPackPreferences:66 - Sw Pack name : STMicroelectronics.X-CUBE-BLE2.3.2.2 preferred : false
2022-03-17 10:44:04,434 [INFO] BinarySerializedPackPreferences:66 - Sw Pack name : STMicroelectronics.X-CUBE-NFC4.2.0.3 preferred : false
2022-03-17 10:44:04,434 [INFO] BinarySerializedPackPreferences:66 - Sw Pack name : STMicroelectronics.X-CUBE-NFC4.2.0.2 preferred : false
2022-03-17 10:44:04,434 [INFO] BinarySerializedPackPreferences:66 - Sw Pack name : STMicroelectronics.X-CUBE-MEMS1.9.1.0 preferred : false
2022-03-17 10:44:04,434 [INFO] BinarySerializedPackPreferences:66 - Sw Pack name : STMicroelectronics.X-CUBE-TOF1.1.0.0 preferred : false
2022-03-17 10:44:04,434 [INFO] BinarySerializedPackPreferences:66 - Sw Pack name : wolfSSL.I-CUBE-wolfSSL.4.7.0 preferred : false
2022-03-17 10:44:04,434 [INFO] BinarySerializedPackPreferences:66 - Sw Pack name : STMicroelectronics.X-CUBE-BLE2.3.2.0 preferred : false
2022-03-17 10:46:15,450 [INFO] NvicIntPanel:88 - NVIC parent = com.st.microxplorer.plugins.ip.nvic.MultiNvicIntPanel[,0,0,717x421,layout=javax.swing.BoxLayout,alignmentX=0.0,alignmentY=0.0,border=,flags=9,maximumSize=,minimumSize=,preferredSize=]
2022-03-17 10:47:18,430 [INFO] UtilMem:74 - End SaveConfig() Used Memory: 930542216 Bytes (982515712)
2022-03-17 10:47:21,898 [INFO] UtilMem:74 - End SaveConfig() Used Memory: 937283776 Bytes (982515712)
2022-03-17 10:47:21,989 [INFO] UtilMem:74 - End SaveConfig() Used Memory: 950987408 Bytes (982515712)
2022-03-17 10:47:22,180 [INFO] BlockDiagram:2751 - set Specific Code input for plugin: NVIC
2022-03-17 10:47:22,180 [INFO] BlockDiagram:2751 - set Specific Code input for plugin: USART
2022-03-17 10:47:22,180 [INFO] BlockDiagram:2751 - set Specific Code input for plugin: TIM1_8F1
2022-03-17 10:47:22,181 [INFO] BlockDiagram:2751 - set Specific Code input for plugin: SYS
2022-03-17 10:47:22,181 [INFO] BlockDiagram:2751 - set Specific Code input for plugin: GPIO
2022-03-17 10:47:22,181 [INFO] BlockDiagram:2751 - set Specific Code input for plugin: RCC
2022-03-17 10:47:22,182 [INFO] CodeGenerator:601 - code generatio: config db path: C:\ST\STM32CubeIDE_1.2.0\STM32CubeIDE\plugins\com.st.stm32cube.common.mx_5.5.0.201912201511\\db\
2022-03-17 10:47:22,340 [INFO] CodeEngine:193 - oldGeneratedFile, C:\ljh\a15-03-uartTXmode\MXTmpFiles\license.tmp_save
2022-03-17 10:47:22,390 [INFO] CodeEngine:211 - Generated code: C:\ljh\a15-03-uartTXmode\MXTmpFiles\license.tmp
2022-03-17 10:47:22,405 [INFO] CodeEngine:193 - oldGeneratedFile, C:\ljh\a15-03-uartTXmode\MXTmpFiles\gpio.tmp_save
2022-03-17 10:47:22,497 [INFO] CodeEngine:211 - Generated code: C:\ljh\a15-03-uartTXmode\MXTmpFiles\gpio.tmp
2022-03-17 10:47:22,574 [INFO] LogOutputStream:76 - [STDOUT_REDIRECT] Command line
2022-03-17 10:47:22,575 [INFO] LogOutputStream:76 - [STDOUT_REDIRECT] Debug : prepare data for TIM
2022-03-17 10:47:22,575 [INFO] LogOutputStream:76 - [STDOUT_REDIRECT] Command line test
2022-03-17 10:47:22,576 [INFO] LogOutputStream:76 - [STDOUT_REDIRECT] Command line
2022-03-17 10:47:22,576 [INFO] LogOutputStream:76 - [STDOUT_REDIRECT] Debug : prepare data for USART
2022-03-17 10:47:22,577 [INFO] LogOutputStream:76 - [STDOUT_REDIRECT] Command line test
2022-03-17 10:47:22,577 [INFO] LogOutputStream:76 - [STDOUT_REDIRECT] Debug : prepare data for NVIC
2022-03-17 10:47:22,578 [INFO] LogOutputStream:76 - [STDOUT_REDIRECT] Command line test
2022-03-17 10:47:22,582 [INFO] CodeEngine:193 - oldGeneratedFile, C:\ljh\a15-03-uartTXmode\Core\Src\stm32f1xx_it.c_save
2022-03-17 10:47:22,639 [INFO] CodeEngine:211 - Generated code: C:\ljh\a15-03-uartTXmode\Core\Src\stm32f1xx_it.c
2022-03-17 10:47:22,643 [INFO] CodeEngine:193 - oldGeneratedFile, C:\ljh\a15-03-uartTXmode\Core\Inc\stm32f1xx_it.h_save
2022-03-17 10:47:22,687 [INFO] CodeEngine:211 - Generated code: C:\ljh\a15-03-uartTXmode\Core\Inc\stm32f1xx_it.h
2022-03-17 10:47:22,693 [INFO] CodeEngine:193 - oldGeneratedFile, C:\ljh\a15-03-uartTXmode\Core\Src\stm32f1xx_hal_msp.c_save
2022-03-17 10:47:22,757 [INFO] CodeEngine:211 - Generated code: C:\ljh\a15-03-uartTXmode\Core\Src\stm32f1xx_hal_msp.c
2022-03-17 10:47:22,760 [INFO] CodeEngine:193 - oldGeneratedFile, C:\ljh\a15-03-uartTXmode\MXTmpFiles\system.tmp_save
2022-03-17 10:47:22,801 [INFO] CodeEngine:211 - Generated code: C:\ljh\a15-03-uartTXmode\MXTmpFiles\system.tmp
2022-03-17 10:47:22,806 [INFO] CodeEngine:193 - oldGeneratedFile, C:\ljh\a15-03-uartTXmode\Core\Inc\stm32f1xx_hal_conf.h_save
2022-03-17 10:47:22,851 [INFO] CodeEngine:211 - Generated code: C:\ljh\a15-03-uartTXmode\Core\Inc\stm32f1xx_hal_conf.h
2022-03-17 10:47:22,860 [WARN] IPConfigManager:2706 - IP not found : TIM
2022-03-17 10:47:22,860 [WARN] IPConfigManager:2706 - IP not found : gpio
2022-03-17 10:47:22,860 [WARN] CodeGenerator:2776 - IP not found : TIM
2022-03-17 10:47:22,860 [WARN] CodeGenerator:2776 - IP not found : gpio
2022-03-17 10:47:22,864 [INFO] CodeEngine:193 - oldGeneratedFile, C:\ljh\a15-03-uartTXmode\Core\Inc\main.h_save
2022-03-17 10:47:22,910 [INFO] CodeEngine:211 - Generated code: C:\ljh\a15-03-uartTXmode\Core\Inc\main.h
2022-03-17 10:47:22,915 [INFO] CodeEngine:193 - oldGeneratedFile, C:\ljh\a15-03-uartTXmode\Core\Src\main.c_save
2022-03-17 10:47:22,980 [INFO] CodeEngine:211 - Generated code: C:\ljh\a15-03-uartTXmode\Core\Src\main.c
2022-03-17 10:47:23,363 [INFO] ProjectBuilder:1843 - Time for Copy HAL[1] : 30mS.
2022-03-17 10:47:23,364 [INFO] ProjectBuilder:2428 - Project Generator version: 3.6.0
2022-03-17 10:47:23,528 [INFO] ConfigFileManager:1043 - The Die is : DIE410
2022-03-17 10:47:24,539 [INFO] ProjectBuilder:2595 - Time for Generating toolchain IDE Files: 1175mS.
2022-03-17 10:47:24,540 [INFO] ProjectBuilder:1703 - Time for Copy CMSIS : 0mS.
2022-03-17 10:47:24,540 [INFO] ProjectBuilder:1703 - Time for Copy CMSIS : 0mS.
