2022-04-07 12:00:17,567 [INFO] Activator:176 - 


2022-04-07 12:00:17,569 [INFO] Activator:177 - !SESSION log4j initialized
2022-04-07 12:00:39,558 [INFO] RetryExec:97 - I/O exception (org.apache.http.NoHttpResponseException) caught when processing request to {s}->https://download.eclipse.org:443: The target server failed to respond
2022-04-07 12:00:39,559 [INFO] RetryExec:113 - Retrying request to {s}->https://download.eclipse.org:443
2022-04-07 12:00:40,514 [INFO] RetryExec:97 - I/O exception (org.apache.http.NoHttpResponseException) caught when processing request to {s}->https://archive.eclipse.org:443: The target server failed to respond
2022-04-07 12:00:40,515 [INFO] RetryExec:113 - Retrying request to {s}->https://archive.eclipse.org:443
2022-04-07 12:00:41,468 [INFO] RetryExec:97 - I/O exception (org.apache.http.NoHttpResponseException) caught when processing request to {s}->https://download.eclipse.org:443: The target server failed to respond
2022-04-07 12:00:41,468 [INFO] RetryExec:113 - Retrying request to {s}->https://download.eclipse.org:443
2022-04-07 12:01:25,978 [ERROR] ApiDbMcu:1412 - Can't use Application install path:
2022-04-07 12:01:28,234 [WARN] RulesReader:54 - Compatibility file://mcu/compatibility.xml not found
2022-04-07 12:01:40,988 [INFO] ApplicationProperties:181 - Using Application install path: C:\ST\STM32CubeIDE_1.2.0\STM32CubeIDE\plugins\com.st.stm32cube.common.mx_5.5.0.201912201511
2022-04-07 12:01:40,992 [INFO] DbMcusXml:69 - Set database path to: C:\ST\STM32CubeIDE_1.2.0\STM32CubeIDE\plugins\com.st.stm32cube.common.mx_5.5.0.201912201511\\db\/mcu/
2022-04-07 12:01:40,994 [INFO] DbBoardsPdsc:54 - Set plugin database path to: C:\ST\STM32CubeIDE_1.2.0\STM32CubeIDE\plugins\com.st.stm32cube.common.mx_5.5.0.201912201511\\db\/plugins/boardmanager/
2022-04-07 12:01:40,994 [INFO] DbMcus:264 - Set plugin images path to: C:\ST\STM32CubeIDE_1.2.0\STM32CubeIDE\plugins\com.st.stm32cube.common.mx_5.5.0.201912201511\\db\/plugins/mcufinder/images/
2022-04-07 12:01:40,994 [INFO] DbBoards:232 - Set plugin images path to: C:\ST\STM32CubeIDE_1.2.0\STM32CubeIDE\plugins\com.st.stm32cube.common.mx_5.5.0.201912201511\\db\/plugins/mcufinder/images/
2022-04-07 12:01:40,995 [INFO] APIGFXSelector:72 - Set database path to: C:\ST\STM32CubeIDE_1.2.0\STM32CubeIDE\plugins\com.st.stm32cube.common.mx_5.5.0.201912201511\\db\/plugins/mcufinder/mcu/
2022-04-07 12:01:40,998 [INFO] DbMcusAds:72 - Set database path to: C:\Users\user\.stmcufinder\plugins\mcufinder//mcu/
2022-04-07 12:01:40,999 [INFO] DbMcusDocs:92 - Set database path to: C:\Users\user\.stmcufinder\plugins\mcufinder//mcu/
2022-04-07 12:01:41,000 [INFO] DbMcusJson:59 - Set database path to: C:\Users\user\.stmcufinder\plugins\mcufinder//mcu/
2022-04-07 12:01:41,001 [INFO] DbBoardsDocs:84 - Set database path to: C:\Users\user\.stmcufinder\plugins\mcufinder//mcu/
2022-04-07 12:01:41,001 [INFO] DbBoardsJson:51 - Set database path to: C:\Users\user\.stmcufinder\plugins\mcufinder//mcu/
2022-04-07 12:01:41,013 [INFO] CrossReferenceDbSqlite:197 - Set database path to: C:\Users\user\.stmcufinder\plugins\mcufinder//mcu/cs/
2022-04-07 12:01:41,052 [INFO] MicroXplorer:570 - Detected Java Version = 1.8.0_202
2022-04-07 12:01:41,052 [INFO] DbMcusXml:69 - Set database path to: C:\ST\STM32CubeIDE_1.2.0\STM32CubeIDE\plugins\com.st.stm32cube.common.mx_5.5.0.201912201511\\db\/mcu/
2022-04-07 12:01:41,052 [INFO] DbBoardsPdsc:54 - Set plugin database path to: C:\ST\STM32CubeIDE_1.2.0\STM32CubeIDE\plugins\com.st.stm32cube.common.mx_5.5.0.201912201511\\db\/plugins/boardmanager/
2022-04-07 12:01:41,053 [INFO] DbMcus:264 - Set plugin images path to: C:\ST\STM32CubeIDE_1.2.0\STM32CubeIDE\plugins\com.st.stm32cube.common.mx_5.5.0.201912201511\\db\/plugins/mcufinder/images/
2022-04-07 12:01:41,053 [INFO] DbBoards:232 - Set plugin images path to: C:\ST\STM32CubeIDE_1.2.0\STM32CubeIDE\plugins\com.st.stm32cube.common.mx_5.5.0.201912201511\\db\/plugins/mcufinder/images/
2022-04-07 12:01:41,053 [INFO] APIGFXSelector:72 - Set database path to: C:\ST\STM32CubeIDE_1.2.0\STM32CubeIDE\plugins\com.st.stm32cube.common.mx_5.5.0.201912201511\\db\/plugins/mcufinder/mcu/
2022-04-07 12:01:41,053 [WARN] DbFile:31 - Overriding database path with different value: C:\Users\user\.stmcufinder\plugins\mcufinder/ => C:\Users\user\.stmcufinder\plugins\mcufinder
2022-04-07 12:01:41,053 [INFO] DbMcusAds:72 - Set database path to: C:\Users\user\.stmcufinder\plugins\mcufinder//mcu/
2022-04-07 12:01:41,053 [WARN] DbFile:31 - Overriding database path with different value: C:\Users\user\.stmcufinder\plugins\mcufinder/ => C:\Users\user\.stmcufinder\plugins\mcufinder
2022-04-07 12:01:41,053 [INFO] DbMcusDocs:92 - Set database path to: C:\Users\user\.stmcufinder\plugins\mcufinder//mcu/
2022-04-07 12:01:41,053 [WARN] DbFile:31 - Overriding database path with different value: C:\Users\user\.stmcufinder\plugins\mcufinder/ => C:\Users\user\.stmcufinder\plugins\mcufinder
2022-04-07 12:01:41,053 [INFO] DbMcusJson:59 - Set database path to: C:\Users\user\.stmcufinder\plugins\mcufinder//mcu/
2022-04-07 12:01:41,054 [WARN] DbFile:31 - Overriding database path with different value: C:\Users\user\.stmcufinder\plugins\mcufinder/ => C:\Users\user\.stmcufinder\plugins\mcufinder
2022-04-07 12:01:41,054 [INFO] DbBoardsDocs:84 - Set database path to: C:\Users\user\.stmcufinder\plugins\mcufinder//mcu/
2022-04-07 12:01:41,054 [WARN] DbFile:31 - Overriding database path with different value: C:\Users\user\.stmcufinder\plugins\mcufinder/ => C:\Users\user\.stmcufinder\plugins\mcufinder
2022-04-07 12:01:41,054 [INFO] DbBoardsJson:51 - Set database path to: C:\Users\user\.stmcufinder\plugins\mcufinder//mcu/
2022-04-07 12:01:41,054 [WARN] DbFile:31 - Overriding database path with different value: C:\Users\user\.stmcufinder\plugins\mcufinder/ => C:\Users\user\.stmcufinder\plugins\mcufinder
2022-04-07 12:01:41,054 [WARN] DbFile:31 - Overriding database path with different value: C:\Users\user\.stmcufinder\plugins\mcufinder/ => C:\Users\user\.stmcufinder\plugins\mcufinder
2022-04-07 12:01:41,054 [INFO] CrossReferenceDbSqlite:197 - Set database path to: C:\Users\user\.stmcufinder\plugins\mcufinder//mcu/cs/
2022-04-07 12:01:41,089 [INFO] MainPanel:180 - HeapMemory: 452984832
2022-04-07 12:01:41,127 [INFO] DbMcusXml:69 - Set database path to: C:\ST\STM32CubeIDE_1.2.0\STM32CubeIDE\plugins\com.st.stm32cube.common.mx_5.5.0.201912201511\\db\/mcu/
2022-04-07 12:01:41,127 [INFO] DbBoardsPdsc:54 - Set plugin database path to: C:\ST\STM32CubeIDE_1.2.0\STM32CubeIDE\plugins\com.st.stm32cube.common.mx_5.5.0.201912201511\\db\/plugins/boardmanager/
2022-04-07 12:01:41,128 [INFO] DbMcus:264 - Set plugin images path to: C:\ST\STM32CubeIDE_1.2.0\STM32CubeIDE\plugins\com.st.stm32cube.common.mx_5.5.0.201912201511\\db\/plugins/mcufinder/images/
2022-04-07 12:01:41,128 [INFO] DbBoards:232 - Set plugin images path to: C:\ST\STM32CubeIDE_1.2.0\STM32CubeIDE\plugins\com.st.stm32cube.common.mx_5.5.0.201912201511\\db\/plugins/mcufinder/images/
2022-04-07 12:01:41,128 [INFO] APIGFXSelector:72 - Set database path to: C:\ST\STM32CubeIDE_1.2.0\STM32CubeIDE\plugins\com.st.stm32cube.common.mx_5.5.0.201912201511\\db\/plugins/mcufinder/mcu/
2022-04-07 12:01:41,128 [WARN] DbFile:31 - Overriding database path with different value: C:\Users\user\.stmcufinder\plugins\mcufinder/ => C:\Users\user\.stmcufinder\plugins\mcufinder
2022-04-07 12:01:41,128 [INFO] DbMcusAds:72 - Set database path to: C:\Users\user\.stmcufinder\plugins\mcufinder//mcu/
2022-04-07 12:01:41,128 [WARN] DbFile:31 - Overriding database path with different value: C:\Users\user\.stmcufinder\plugins\mcufinder/ => C:\Users\user\.stmcufinder\plugins\mcufinder
2022-04-07 12:01:41,128 [INFO] DbMcusDocs:92 - Set database path to: C:\Users\user\.stmcufinder\plugins\mcufinder//mcu/
2022-04-07 12:01:41,129 [WARN] DbFile:31 - Overriding database path with different value: C:\Users\user\.stmcufinder\plugins\mcufinder/ => C:\Users\user\.stmcufinder\plugins\mcufinder
2022-04-07 12:01:41,129 [INFO] DbMcusJson:59 - Set database path to: C:\Users\user\.stmcufinder\plugins\mcufinder//mcu/
2022-04-07 12:01:41,129 [WARN] DbFile:31 - Overriding database path with different value: C:\Users\user\.stmcufinder\plugins\mcufinder/ => C:\Users\user\.stmcufinder\plugins\mcufinder
2022-04-07 12:01:41,129 [INFO] DbBoardsDocs:84 - Set database path to: C:\Users\user\.stmcufinder\plugins\mcufinder//mcu/
2022-04-07 12:01:41,129 [WARN] DbFile:31 - Overriding database path with different value: C:\Users\user\.stmcufinder\plugins\mcufinder/ => C:\Users\user\.stmcufinder\plugins\mcufinder
2022-04-07 12:01:41,129 [INFO] DbBoardsJson:51 - Set database path to: C:\Users\user\.stmcufinder\plugins\mcufinder//mcu/
2022-04-07 12:01:41,129 [WARN] DbFile:31 - Overriding database path with different value: C:\Users\user\.stmcufinder\plugins\mcufinder/ => C:\Users\user\.stmcufinder\plugins\mcufinder
2022-04-07 12:01:41,129 [WARN] DbFile:31 - Overriding database path with different value: C:\Users\user\.stmcufinder\plugins\mcufinder/ => C:\Users\user\.stmcufinder\plugins\mcufinder
2022-04-07 12:01:41,129 [INFO] CrossReferenceDbSqlite:197 - Set database path to: C:\Users\user\.stmcufinder\plugins\mcufinder//mcu/cs/
2022-04-07 12:01:41,140 [INFO] ApplicationProperties:181 - Using Application install path: C:\ST\STM32CubeIDE_1.2.0\STM32CubeIDE\plugins\com.st.stm32cube.common.mx_5.5.0.201912201511
2022-04-07 12:01:41,141 [INFO] PluginManage:178 - Search for loadable plugins [exclusion list=]
2022-04-07 12:01:41,142 [INFO] PluginManage:292 - Check plugin analytics
2022-04-07 12:01:41,145 [INFO] PluginManage:342 - Loaded plugin analytics (category:tool,tabindex:-1)
2022-04-07 12:01:41,145 [INFO] PluginManage:292 - Check plugin clock
2022-04-07 12:01:41,151 [INFO] PluginManage:342 - Loaded plugin clock (category:base,tabindex:2)
2022-04-07 12:01:41,151 [INFO] PluginManage:292 - Check plugin ddr
2022-04-07 12:01:41,153 [INFO] PluginManage:342 - Loaded plugin ddr (category:tool,tabindex:6)
2022-04-07 12:01:41,153 [INFO] PluginManage:292 - Check plugin filemanager
2022-04-07 12:01:41,220 [INFO] PluginManage:342 - Loaded plugin filemanager (category:base,tabindex:10)
2022-04-07 12:01:41,220 [INFO] PluginManage:292 - Check plugin ipmanager
2022-04-07 12:01:41,224 [INFO] PluginManage:342 - Loaded plugin ipmanager (category:base,tabindex:5)
2022-04-07 12:01:41,224 [INFO] PluginManage:292 - Check plugin pinoutandconfiguration
2022-04-07 12:01:41,229 [INFO] PluginManage:342 - Loaded plugin pinoutandconfiguration (category:base,tabindex:1)
2022-04-07 12:01:41,229 [INFO] PluginManage:292 - Check plugin pinoutconfig
2022-04-07 12:01:41,240 [INFO] PluginManage:342 - Loaded plugin pinoutconfig (category:base,tabindex:0)
2022-04-07 12:01:41,240 [INFO] PluginManage:292 - Check plugin power
2022-04-07 12:01:41,245 [INFO] PluginManage:342 - Loaded plugin power (category:power,tabindex:4)
2022-04-07 12:01:41,245 [INFO] PluginManage:292 - Check plugin projectmanager
2022-04-07 12:01:41,252 [INFO] PluginManage:342 - Loaded plugin projectmanager (category:projectmanager,tabindex:3)
2022-04-07 12:01:41,252 [INFO] PluginManage:292 - Check plugin thirdparty
2022-04-07 12:01:41,299 [INFO] ThirdPartyDb:295 - Open Third Party DataBase File (C:/Users/user/.stm32cubemx/plugins/thirdparty/db/thirdparties_db.xml) : 31 ms. number of Sw pack : 26
2022-04-07 12:01:41,306 [INFO] PluginManage:342 - Loaded plugin thirdparty (category:base,tabindex:-1)
2022-04-07 12:01:41,306 [INFO] PluginManage:292 - Check plugin tools
2022-04-07 12:01:41,307 [INFO] PluginManage:342 - Loaded plugin tools (category:base,tabindex:7)
2022-04-07 12:01:41,307 [INFO] PluginManage:292 - Check plugin updater
2022-04-07 12:01:41,314 [INFO] PluginManage:342 - Loaded plugin updater (category:base,tabindex:12)
2022-04-07 12:01:41,314 [INFO] PluginManage:265 - PluginManage : Loaded plugins [12]
2022-04-07 12:01:41,411 [INFO] PinOutPanel:1399 - setPackage(No Configuration,No Configuration)
2022-04-07 12:01:41,458 [INFO] IPUIPlugin:65 - create IPUIPlugin
2022-04-07 12:01:41,458 [INFO] PluginManager:200 - loadIPPluginJar : add adc
2022-04-07 12:01:41,459 [INFO] IPUIPlugin:65 - create IPUIPlugin
2022-04-07 12:01:41,460 [INFO] PluginManager:200 - loadIPPluginJar : add aes
2022-04-07 12:01:41,461 [INFO] IPUIPlugin:65 - create IPUIPlugin
2022-04-07 12:01:41,461 [INFO] PluginManager:200 - loadIPPluginJar : add can
2022-04-07 12:01:41,462 [INFO] IPUIPlugin:65 - create IPUIPlugin
2022-04-07 12:01:41,462 [INFO] PluginManager:200 - loadIPPluginJar : add comp
2022-04-07 12:01:41,463 [INFO] IPUIPlugin:65 - create IPUIPlugin
2022-04-07 12:01:41,463 [INFO] PluginManager:200 - loadIPPluginJar : add cryp
2022-04-07 12:01:41,465 [INFO] IPUIPlugin:65 - create IPUIPlugin
2022-04-07 12:01:41,465 [INFO] PluginManager:200 - loadIPPluginJar : add dfsdm
2022-04-07 12:01:41,468 [INFO] IPUIPlugin:65 - create IPUIPlugin
2022-04-07 12:01:41,468 [INFO] PluginManager:200 - loadIPPluginJar : add dma
2022-04-07 12:01:41,469 [INFO] IPUIPlugin:65 - create IPUIPlugin
2022-04-07 12:01:41,469 [INFO] PluginManager:200 - loadIPPluginJar : add fatfs
2022-04-07 12:01:41,472 [INFO] IPUIPlugin:65 - create IPUIPlugin
2022-04-07 12:01:41,472 [INFO] PluginManager:200 - loadIPPluginJar : add fmc
2022-04-07 12:01:41,476 [INFO] IPUIPlugin:65 - create IPUIPlugin
2022-04-07 12:01:41,476 [INFO] PluginManager:200 - loadIPPluginJar : add freertos
2022-04-07 12:01:41,477 [INFO] IPUIPlugin:65 - create IPUIPlugin
2022-04-07 12:01:41,477 [INFO] PluginManager:200 - loadIPPluginJar : add genericplugin
2022-04-07 12:01:41,478 [INFO] IPUIPlugin:65 - create IPUIPlugin
2022-04-07 12:01:41,479 [INFO] PluginManager:200 - loadIPPluginJar : add gfxmmu
2022-04-07 12:01:41,480 [INFO] IPUIPlugin:65 - create IPUIPlugin
2022-04-07 12:01:41,480 [INFO] PluginManager:200 - loadIPPluginJar : add gfxsimulator
2022-04-07 12:01:41,483 [INFO] IPUIPlugin:65 - create IPUIPlugin
2022-04-07 12:01:41,484 [INFO] PluginManager:200 - loadIPPluginJar : add gic
2022-04-07 12:01:41,486 [INFO] IPUIPlugin:65 - create IPUIPlugin
2022-04-07 12:01:41,486 [INFO] PluginManager:200 - loadIPPluginJar : add gpio
2022-04-07 12:01:41,488 [INFO] IPUIPlugin:65 - create IPUIPlugin
2022-04-07 12:01:41,488 [INFO] PluginManager:200 - loadIPPluginJar : add gtzc
2022-04-07 12:01:41,489 [INFO] IPUIPlugin:65 - create IPUIPlugin
2022-04-07 12:01:41,489 [INFO] PluginManager:200 - loadIPPluginJar : add hash
2022-04-07 12:01:41,491 [INFO] IPUIPlugin:65 - create IPUIPlugin
2022-04-07 12:01:41,491 [INFO] PluginManager:200 - loadIPPluginJar : add i2c
2022-04-07 12:01:41,492 [INFO] IPUIPlugin:65 - create IPUIPlugin
2022-04-07 12:01:41,492 [INFO] PluginManager:200 - loadIPPluginJar : add i2s
2022-04-07 12:01:41,494 [INFO] IPUIPlugin:65 - create IPUIPlugin
2022-04-07 12:01:41,494 [INFO] PluginManager:200 - loadIPPluginJar : add ipddr
2022-04-07 12:01:41,495 [INFO] IPUIPlugin:65 - create IPUIPlugin
2022-04-07 12:01:41,495 [INFO] PluginManager:200 - loadIPPluginJar : add ltdc
2022-04-07 12:01:41,497 [INFO] IPUIPlugin:65 - create IPUIPlugin
2022-04-07 12:01:41,497 [INFO] PluginManager:200 - loadIPPluginJar : add mdma
2022-04-07 12:01:41,499 [INFO] IPUIPlugin:65 - create IPUIPlugin
2022-04-07 12:01:41,499 [INFO] PluginManager:200 - loadIPPluginJar : add nvic
2022-04-07 12:01:41,500 [INFO] IPUIPlugin:65 - create IPUIPlugin
2022-04-07 12:01:41,500 [INFO] PluginManager:200 - loadIPPluginJar : add opamp
2022-04-07 12:01:41,502 [INFO] IPUIPlugin:65 - create IPUIPlugin
2022-04-07 12:01:41,502 [INFO] PluginManager:200 - loadIPPluginJar : add pdm2pcm
2022-04-07 12:01:41,506 [INFO] IPUIPlugin:65 - create IPUIPlugin
2022-04-07 12:01:41,508 [INFO] PluginManager:200 - loadIPPluginJar : add plateformsettings
2022-04-07 12:01:41,509 [INFO] IPUIPlugin:65 - create IPUIPlugin
2022-04-07 12:01:41,509 [INFO] PluginManager:200 - loadIPPluginJar : add quadspi
2022-04-07 12:01:41,511 [INFO] IPUIPlugin:65 - create IPUIPlugin
2022-04-07 12:01:41,511 [INFO] PluginManager:200 - loadIPPluginJar : add resmgrutility
2022-04-07 12:01:41,512 [INFO] IPUIPlugin:65 - create IPUIPlugin
2022-04-07 12:01:41,512 [INFO] PluginManager:200 - loadIPPluginJar : add sai
2022-04-07 12:01:41,514 [INFO] IPUIPlugin:65 - create IPUIPlugin
2022-04-07 12:01:41,514 [INFO] PluginManager:200 - loadIPPluginJar : add spi
2022-04-07 12:01:41,515 [INFO] IPUIPlugin:65 - create IPUIPlugin
2022-04-07 12:01:41,515 [INFO] PluginManager:200 - loadIPPluginJar : add stm32_wpan
2022-04-07 12:01:41,516 [INFO] IPUIPlugin:65 - create IPUIPlugin
2022-04-07 12:01:41,516 [INFO] PluginManager:200 - loadIPPluginJar : add tim
2022-04-07 12:01:41,518 [INFO] IPUIPlugin:65 - create IPUIPlugin
2022-04-07 12:01:41,518 [INFO] PluginManager:200 - loadIPPluginJar : add touchsensing
2022-04-07 12:01:41,519 [INFO] IPUIPlugin:65 - create IPUIPlugin
2022-04-07 12:01:41,520 [INFO] PluginManager:200 - loadIPPluginJar : add tracer_emb
2022-04-07 12:01:41,521 [INFO] IPUIPlugin:65 - create IPUIPlugin
2022-04-07 12:01:41,521 [INFO] PluginManager:200 - loadIPPluginJar : add ts
2022-04-07 12:01:41,522 [INFO] IPUIPlugin:65 - create IPUIPlugin
2022-04-07 12:01:41,522 [INFO] PluginManager:200 - loadIPPluginJar : add tsc
2022-04-07 12:01:41,523 [INFO] IPUIPlugin:65 - create IPUIPlugin
2022-04-07 12:01:41,523 [INFO] PluginManager:200 - loadIPPluginJar : add ucpd
2022-04-07 12:01:41,524 [INFO] IPUIPlugin:65 - create IPUIPlugin
2022-04-07 12:01:41,524 [INFO] PluginManager:200 - loadIPPluginJar : add usart
2022-04-07 12:01:41,708 [INFO] BoardConnectionPanel:226 - [DDR PANEL] osNameString: Windows
2022-04-07 12:01:41,768 [INFO] BoardConnectionPanel:3472 - [DDR PANEL] STM32CubeIDE environment
2022-04-07 12:01:41,769 [INFO] MainDdrPanel:103 - [DDR PANEL] GETTER - cubeProgrammerPath is: null
2022-04-07 12:01:41,901 [FATAL] Updater:277 - Updater called before beeing initialized
2022-04-07 12:01:42,028 [FATAL] Updater:277 - Updater called before beeing initialized
2022-04-07 12:01:42,032 [INFO] PinOutPanel:1399 - setPackage(No Configuration,No Configuration)
2022-04-07 12:01:42,033 [FATAL] Updater:277 - Updater called before beeing initialized
2022-04-07 12:01:42,036 [INFO] BoardConnectionPanel:3472 - [DDR PANEL] STM32CubeIDE environment
2022-04-07 12:01:42,036 [INFO] MainDdrPanel:103 - [DDR PANEL] GETTER - cubeProgrammerPath is: C:\ST\STM32CubeIDE_1.2.0\STM32CubeIDE\plugins\com.st.stm32cube.ide.mcu.externaltools.cubeprogrammer.win32_1.1.0.201910081157\tools\bin
2022-04-07 12:01:42,040 [INFO] ProgrammerExecThread:148 - [ProgrammerAPI] CubeProgrammer command construction: C:\ST\STM32CubeIDE_1.2.0\STM32CubeIDE\plugins\com.st.stm32cube.ide.mcu.externaltools.cubeprogrammer.win32_1.1.0.201910081157\tools\bin\STM32_Programmer_CLI.exe -l
2022-04-07 12:01:42,141 [INFO] MainDdrPanel:93 - [DDR PANEL] SETTER - Set cubeProgrammerPath to: C:\ST\STM32CubeIDE_1.2.0\STM32CubeIDE\plugins\com.st.stm32cube.ide.mcu.externaltools.cubeprogrammer.win32_1.1.0.201910081157\tools\bin
2022-04-07 12:01:42,145 [INFO] Updater:886 - Updater Version found : 5.5.0
2022-04-07 12:01:42,172 [INFO] ApplicationProperties:181 - Using Application install path: C:\ST\STM32CubeIDE_1.2.0\STM32CubeIDE\plugins\com.st.stm32cube.common.mx_5.5.0.201912201511
2022-04-07 12:01:42,279 [INFO] MainUpdater:2230 - connection check result : 10
2022-04-07 12:01:42,279 [INFO] MainUpdater:236 - Updater Check For Update Now.
2022-04-07 12:01:42,279 [INFO] MicroXplorer:420 - Change Database Version : DB.5.0.50
2022-04-07 12:01:42,306 [INFO] CheckServerUpdateThread:92 - End of CheckServer Thread
2022-04-07 12:01:42,482 [INFO] MainUpdater:2230 - connection check result : 10
2022-04-07 12:01:42,482 [INFO] LogOutputStream:76 - [STDOUT_REDIRECT] Successfull proxy connection.
2022-04-07 12:01:42,533 [INFO] McuFinderGlobals:40 - Set McuFinder mode to 2 (CubeIDE integrated)
2022-04-07 12:01:42,555 [INFO] FinderPluginLoader:86 - Searching for filters in installed packs
2022-04-07 12:01:42,556 [INFO] DbMcusXml:107 - Load MCU database from C:\ST\STM32CubeIDE_1.2.0\STM32CubeIDE\plugins\com.st.stm32cube.common.mx_5.5.0.201912201511\\db\/mcu/families.xml
2022-04-07 12:01:42,941 [INFO] DbMcusJson:87 - JSON generation date=Wed Dec 11 20:27:49 KST 2019 (1576063669)
2022-04-07 12:01:43,704 [INFO] DbMcus:192 - Found 1628 MCUs (1588 are supported by CubeMX, 1588 are visible in CubeMX)
2022-04-07 12:01:43,705 [INFO] ApiDb:158 - Load user favorites file C:\Users\user/.stm32cubeide/favorites.mcus.txt: 0 item(s)
2022-04-07 12:01:43,705 [INFO] ApiDb:163 - User favorites MCUs=[]
2022-04-07 12:01:43,705 [INFO] DbMcus:203 - Set 0 / 0 favorites MCUs
2022-04-07 12:01:44,043 [INFO] DbMcusAds:130 - JSON generation date=Thu Feb 21 01:46:15 KST 2019 (1550681175)
2022-04-07 12:01:44,045 [INFO] LoadUrlFilesThread:161 - End of LoadServerUrlFiles without Thread
2022-04-07 12:01:44,066 [INFO] McuDetailPanel:181 - Set advertising image to C:/Users/user/STM32Cube/Repository/\PRSTM32MP10219-01-med.jpg
2022-04-07 12:01:44,418 [INFO] McuFilterPanel:282 - Update 0 favorites MCUs
2022-04-07 12:01:44,501 [INFO] ThirdPartyDb:261 - Close Third Party DataBase File (C:/Users/user/.stm32cubemx/plugins/thirdparty/db/thirdparties_db.xml)
2022-04-07 12:01:44,529 [INFO] DbBoardsPdsc:92 - Found 21 items
2022-04-07 12:01:44,531 [INFO] DbBoardsPdsc:92 - Found 9 items
2022-04-07 12:01:44,535 [INFO] DbBoardsPdsc:92 - Found 27 items
2022-04-07 12:01:44,536 [INFO] DbBoardsPdsc:92 - Found 1 items
2022-04-07 12:01:44,542 [INFO] DbBoardsPdsc:92 - Found 40 items
2022-04-07 12:01:44,546 [INFO] IntegrityCheckThread:98 - End integrity checks thread
2022-04-07 12:01:44,549 [INFO] DbBoardsPdsc:92 - Found 39 items
2022-04-07 12:01:44,552 [INFO] DbBoardsPdsc:92 - Found 2 items
2022-04-07 12:01:44,553 [INFO] DbBoardsPdsc:92 - Found 4 items
2022-04-07 12:01:44,557 [WARN] DbBoardsPdsc:256 - Board STM32H7B3I-DK: unknown feature type=Audio, name=, username=Audio stereo codec with Headphone Amp (CS42L51-CNZ), n=1
2022-04-07 12:01:44,558 [WARN] DbBoardsPdsc:256 - Board STM32H7B3I-DK: unknown feature type=WIFI, name=, username=WIFI 802.11 b/g/n, n=1
2022-04-07 12:01:44,559 [WARN] DbBoardsPdsc:256 - Board STM32H7B3I-EVAL: unknown feature type=Audio, name=, username=Multi-Channel Audio Codec (CS42L51-CNZ), n=1
2022-04-07 12:01:44,559 [WARN] DbBoardsPdsc:256 - Board STM32H7B3I-EVAL: unknown feature type=Meter, name=, username=Power-metering and Temperature-monitoring with sigma-delta modulators, n=1
2022-04-07 12:01:44,560 [WARN] DbBoardsPdsc:256 - Board STM32H7B3I-EVAL: unknown feature type=WIFI, name=, username=WIFI 802.11 a/b/g/n, n=1
2022-04-07 12:01:44,560 [WARN] DbBoardsPdsc:256 - Board STM32H7B3I-EVAL: unknown feature type=Motor, name=, username=Motor Control, n=1
2022-04-07 12:01:44,560 [WARN] DbBoardsPdsc:256 - Board STEVAL-IDP005V1: unknown feature type=PWRSock, name=Power Socket, username=IO-Link 4-position M12 A-coded connector, n=1
2022-04-07 12:01:44,560 [WARN] DbBoardsPdsc:256 - Board STEVAL-IDP005V2: unknown feature type=PWRSock, name=Power Socket, username=IO-Link 4-position M12 A-coded connector, n=1
2022-04-07 12:01:44,592 [INFO] DbBoardsJson:79 - JSON generation date=Fri Dec 13 18:50:48 KST 2019 (1576230648)
2022-04-07 12:01:44,599 [INFO] DbBoards:120 - Found 143 boards (140 are supported by CubeMX)
2022-04-07 12:01:44,606 [INFO] DbBoardsDocs:118 - JSON generation date=Wed Dec 11 20:27:49 KST 2019 (1576063669)
2022-04-07 12:01:44,613 [INFO] DbBoardsDocs:57 - Found 160 boards documents
2022-04-07 12:01:44,614 [WARN] DbBoards:130 - board NUCLEO-H743ZI2 has no document id list !
2022-04-07 12:01:44,614 [WARN] DbBoards:130 - board NUCLEO-H7A3ZI-Q has no document id list !
2022-04-07 12:01:44,614 [WARN] DbBoards:130 - board NUCLEO-L4P5ZG has no document id list !
2022-04-07 12:01:44,615 [WARN] DbBoards:130 - board P-NUCLEO-WB55-Nucleo has no document id list !
2022-04-07 12:01:44,615 [WARN] DbBoards:130 - board P-NUCLEO-WB55-USBDongle has no document id list !
2022-04-07 12:01:44,615 [WARN] DbBoards:130 - board P-NUCLEO-WB55 has no document id list !
2022-04-07 12:01:44,616 [WARN] DbBoards:130 - board STM32F401C-DISCO has no document id list !
2022-04-07 12:01:44,616 [WARN] DbBoards:130 - board STM32F769I-DISC1 has no document id list !
2022-04-07 12:01:44,616 [WARN] DbBoards:130 - board STM32L-DISCOVERY has no document id list !
2022-04-07 12:01:44,617 [WARN] DbBoards:130 - board STM32H747I-DISC1 has no document id list !
2022-04-07 12:01:44,617 [WARN] DbBoards:130 - board STM32H7B3I-DK has no document id list !
2022-04-07 12:01:44,617 [WARN] DbBoards:130 - board STM32MP157A-DK1 has no document id list !
2022-04-07 12:01:44,617 [WARN] DbBoards:130 - board STM32L562E-DK has no document id list !
2022-04-07 12:01:44,617 [WARN] DbBoards:130 - board STM32L4P5G-DK has no document id list !
2022-04-07 12:01:44,617 [WARN] DbBoards:130 - board STM32100E-EVAL has no document id list !
2022-04-07 12:01:44,617 [WARN] DbBoards:130 - board STM32303C-EVAL has no document id list !
2022-04-07 12:01:44,617 [WARN] DbBoards:130 - board STM32L152D-EVAL has no document id list !
2022-04-07 12:01:44,618 [WARN] DbBoards:130 - board STM32H743I-EVAL2 has no document id list !
2022-04-07 12:01:44,618 [WARN] DbBoards:130 - board STM32H7B3I-EVAL has no document id list !
2022-04-07 12:01:44,618 [WARN] DbBoards:130 - board STM32H753I-EVAL2 has no document id list !
2022-04-07 12:01:44,618 [WARN] DbBoards:130 - board STM32G474E-EVAL1 has no document id list !
2022-04-07 12:01:44,618 [WARN] DbBoards:130 - board STM32L552E-EV has no document id list !
2022-04-07 12:01:44,618 [WARN] DbBoards:130 - board STEVAL-BFA001V1B has no document id list !
2022-04-07 12:01:44,618 [WARN] DbBoards:130 - board STEVAL-BFA001V2B has no document id list !
2022-04-07 12:01:44,618 [WARN] DbBoards:130 - board STEVAL-MKSBOX1V1 has no document id list !
2022-04-07 12:01:44,618 [WARN] DbBoards:130 - board STEVAL-STWINKT1 has no document id list !
2022-04-07 12:01:44,618 [WARN] DbBoards:130 - board STEVAL-IDP005V1 has no document id list !
2022-04-07 12:01:44,618 [WARN] DbBoards:130 - board STEVAL-IDP005V2 has no document id list !
2022-04-07 12:01:45,374 [INFO] ApiDb:158 - Load user favorites file C:\Users\user/.stm32cubeide/favorites.boards.txt: 0 item(s)
2022-04-07 12:01:45,374 [INFO] ApiDb:163 - User favorites Boards=[]
2022-04-07 12:01:45,374 [INFO] DbBoards:209 - Set 0 / 0 favorites Boards
2022-04-07 12:01:45,419 [INFO] LoadUrlFilesThread:161 - End of LoadServerUrlFiles without Thread
2022-04-07 12:01:45,419 [INFO] BoardDetailPanel:179 - Set advertising image to C:/Users/user/STM32Cube/Repository/\PRSTM32MP10219-01-med.jpg
2022-04-07 12:01:45,437 [INFO] BoardFilterPanel:211 - Update 0 favorites Boards
2022-04-07 12:01:45,499 [INFO] CrossSelectorPresenter:1319 - Cross Selector saved comparison directory: C:\Users\user\.stmcufinder\plugins\mcufinder\mcu\cs_comparisons_mx
2022-04-07 12:02:17,273 [INFO] MainUpdater:2230 - connection check result : 10
2022-04-07 12:02:17,273 [INFO] LogOutputStream:76 - [STDOUT_REDIRECT] Successfull proxy connection.
2022-04-07 12:02:17,289 [INFO] McuFinderGlobals:40 - Set McuFinder mode to 2 (CubeIDE integrated)
2022-04-07 12:02:17,289 [INFO] FinderPluginLoader:86 - Searching for filters in installed packs
2022-04-07 12:02:17,523 [INFO] LoadUrlFilesThread:161 - End of LoadServerUrlFiles without Thread
2022-04-07 12:02:17,524 [INFO] McuDetailPanel:181 - Set advertising image to C:/Users/user/STM32Cube/Repository/\PRSTM32MP10219-01-med.jpg
2022-04-07 12:02:17,654 [INFO] McuFilterPanel:282 - Update 0 favorites MCUs
2022-04-07 12:02:17,715 [INFO] LoadUrlFilesThread:161 - End of LoadServerUrlFiles without Thread
2022-04-07 12:02:17,715 [INFO] BoardDetailPanel:179 - Set advertising image to C:/Users/user/STM32Cube/Repository/\PRSTM32MP10219-01-med.jpg
2022-04-07 12:02:17,720 [INFO] BoardFilterPanel:211 - Update 0 favorites Boards
2022-04-07 12:02:17,727 [INFO] CrossSelectorPresenter:1319 - Cross Selector saved comparison directory: C:\Users\user\.stmcufinder\plugins\mcufinder\mcu\cs_comparisons_mx
2022-04-07 12:02:24,552 [INFO] MainUpdater:2230 - connection check result : 10
2022-04-07 12:02:24,571 [INFO] MicroXplorer:390 - Change Database Path : 
2022-04-07 12:02:24,571 [INFO] MicroXplorer:420 - Change Database Version : DB.5.0.50
2022-04-07 12:02:24,573 [INFO] PinOutPanel:1399 - setPackage(No Configuration,No Configuration)
2022-04-07 12:02:24,574 [INFO] UtilMem:74 - Begin LoadConfig() Used Memory: 565487864 Bytes (840957952)
2022-04-07 12:02:24,574 [INFO] MicroXplorer:390 - Change Database Path : 
2022-04-07 12:02:24,574 [INFO] MicroXplorer:420 - Change Database Version : DB.5.0.50
2022-04-07 12:02:24,575 [INFO] OpenFileManager:274 - Change cursor
2022-04-07 12:02:25,271 [INFO] ImportTextPane:162 - (OptionalMessage_ERROR) IP (RCC) : Parameter (ADCFreqValue) has invalid value (32000000)
2022-04-07 12:02:25,272 [INFO] ImportTextPane:162 - (OptionalMessage_ERROR) IP (RCC) : Invalid parameter (FamilyName)
2022-04-07 12:02:25,272 [INFO] ImportTextPane:162 - (OptionalMessage_ERROR) IP (RCC) : Parameter (MCOFreq_Value) has invalid value (64000000)
2022-04-07 12:02:25,273 [INFO] ImportTextPane:162 - (OptionalMessage_ERROR) IP (RCC) : Parameter (USBFreq_Value) has invalid value (64000000)
2022-04-07 12:02:25,354 [INFO] UtilMem:74 - End LoadConfig() Used Memory: 589478384 Bytes (840957952)
2022-04-07 12:02:25,367 [INFO] ThirdPartyDb:295 - Open Third Party DataBase File (C:/Users/user/.stm32cubemx/plugins/thirdparty/db/thirdparties_db.xml) : 5 ms. number of Sw pack : 26
2022-04-07 12:02:25,502 [INFO] ThirdParty:899 - CMSIS Pack Vendor :STMicroelectronics X-CUBE-SFXS2LP1 3.1.0
2022-04-07 12:02:25,502 [INFO] ThirdParty:899 - CMSIS Pack Vendor :RoweBots I-CUBE-UNISONRTOS 5.5.0-4
2022-04-07 12:02:25,502 [INFO] ThirdParty:899 - CMSIS Pack Vendor :STMicroelectronics X-CUBE-SFXS2LP1 3.0.0
2022-04-07 12:02:25,503 [INFO] ThirdParty:899 - CMSIS Pack Vendor :STMicroelectronics X-CUBE-BLE1 6.2.3
2022-04-07 12:02:25,503 [INFO] ThirdParty:899 - CMSIS Pack Vendor :STMicroelectronics X-CUBE-ALGOBUILD 1.3.0
2022-04-07 12:02:25,503 [INFO] ThirdParty:899 - CMSIS Pack Vendor :STMicroelectronics X-CUBE-EEPRMA1 3.0.0
2022-04-07 12:02:25,503 [INFO] ThirdParty:899 - CMSIS Pack Vendor :STMicroelectronics X-CUBE-MEMS1 8.3.0
2022-04-07 12:02:25,503 [INFO] ThirdParty:899 - CMSIS Pack Vendor :STMicroelectronics FreeRTOS 0.0.1
2022-04-07 12:02:25,503 [INFO] ThirdParty:899 - CMSIS Pack Vendor :SEGGER I-CUBE-embOS 1.2.0
2022-04-07 12:02:25,503 [INFO] ThirdParty:899 - CMSIS Pack Vendor :STMicroelectronics X-CUBE-ALGOBUILD 1.2.0
2022-04-07 12:02:25,503 [INFO] ThirdParty:899 - CMSIS Pack Vendor :STMicroelectronics X-CUBE-EEPRMA1 3.1.1
2022-04-07 12:02:25,503 [INFO] ThirdParty:899 - CMSIS Pack Vendor :STMicroelectronics X-CUBE-GNSS1 5.2.0
2022-04-07 12:02:25,503 [INFO] ThirdParty:899 - CMSIS Pack Vendor :STMicroelectronics X-CUBE-BLE1 6.2.0
2022-04-07 12:02:25,503 [INFO] ThirdParty:899 - CMSIS Pack Vendor :STMicroelectronics X-CUBE-NFC7 1.0.0
2022-04-07 12:02:25,503 [INFO] ThirdParty:899 - CMSIS Pack Vendor :STMicroelectronics X-CUBE-BLE2 3.2.2
2022-04-07 12:02:25,503 [INFO] ThirdParty:899 - CMSIS Pack Vendor :STMicroelectronics X-CUBE-MEMS1 9.2.0
2022-04-07 12:02:25,503 [INFO] ThirdParty:899 - CMSIS Pack Vendor :STMicroelectronics X-CUBE-NFC4 2.0.3
2022-04-07 12:02:25,503 [INFO] ThirdParty:899 - CMSIS Pack Vendor :STMicroelectronics X-CUBE-NFC4 2.0.2
2022-04-07 12:02:25,503 [INFO] ThirdParty:899 - CMSIS Pack Vendor :STMicroelectronics X-CUBE-TOF1 1.0.0
2022-04-07 12:02:25,503 [INFO] ThirdParty:899 - CMSIS Pack Vendor :wolfSSL I-CUBE-wolfSSL 4.7.0
2022-04-07 12:02:25,503 [INFO] ThirdParty:899 - CMSIS Pack Vendor :STMicroelectronics X-CUBE-BLE2 3.2.0
2022-04-07 12:02:25,626 [INFO] PinOutPanel:1399 - setPackage(No Configuration,No Configuration)
2022-04-07 12:02:25,628 [INFO] PinOutPanel:1399 - setPackage(STM32F103RBTx,LQFP64)
2022-04-07 12:02:25,861 [INFO] UtilMem:74 - Before build in PCC Used Memory: 470979608 Bytes (840957952)
2022-04-07 12:02:26,044 [INFO] SharedServices:71 - Folder for power plug-in: C:/Users/user/.stm32cubemx/plugins/power
2022-04-07 12:02:26,045 [INFO] UtilMem:74 - After build in PCC Used Memory: 485137424 Bytes (840957952)
2022-04-07 12:02:26,057 [INFO] IPUIPlugin:65 - create IPUIPlugin
2022-04-07 12:02:26,057 [INFO] IPUIPlugin:65 - create IPUIPlugin
2022-04-07 12:02:26,058 [INFO] IPUIPlugin:65 - create IPUIPlugin
2022-04-07 12:02:26,058 [INFO] IPUIPlugin:65 - create IPUIPlugin
2022-04-07 12:02:26,058 [INFO] IPUIPlugin:65 - create IPUIPlugin
2022-04-07 12:02:26,058 [INFO] IPUIPlugin:65 - create IPUIPlugin
2022-04-07 12:02:26,058 [INFO] IPUIPlugin:65 - create IPUIPlugin
2022-04-07 12:02:26,058 [INFO] IPUIPlugin:65 - create IPUIPlugin
2022-04-07 12:02:26,058 [INFO] IPUIPlugin:65 - create IPUIPlugin
2022-04-07 12:02:26,058 [INFO] IPUIPlugin:65 - create IPUIPlugin
2022-04-07 12:02:26,058 [INFO] IPUIPlugin:65 - create IPUIPlugin
2022-04-07 12:02:26,059 [INFO] IPUIPlugin:65 - create IPUIPlugin
2022-04-07 12:02:26,059 [INFO] IPUIPlugin:65 - create IPUIPlugin
2022-04-07 12:02:26,059 [INFO] IPUIPlugin:65 - create IPUIPlugin
2022-04-07 12:02:26,059 [INFO] IPUIPlugin:65 - create IPUIPlugin
2022-04-07 12:02:26,059 [INFO] IPUIPlugin:65 - create IPUIPlugin
2022-04-07 12:02:26,059 [INFO] IPUIPlugin:65 - create IPUIPlugin
2022-04-07 12:02:26,059 [INFO] IPUIPlugin:65 - create IPUIPlugin
2022-04-07 12:02:26,059 [INFO] IPUIPlugin:65 - create IPUIPlugin
2022-04-07 12:02:26,059 [INFO] IPUIPlugin:65 - create IPUIPlugin
2022-04-07 12:02:26,059 [INFO] IPUIPlugin:65 - create IPUIPlugin
2022-04-07 12:02:26,060 [INFO] IPUIPlugin:65 - create IPUIPlugin
2022-04-07 12:02:26,060 [INFO] IPUIPlugin:65 - create IPUIPlugin
2022-04-07 12:02:26,060 [INFO] IPUIPlugin:65 - create IPUIPlugin
2022-04-07 12:02:26,060 [INFO] IPUIPlugin:65 - create IPUIPlugin
2022-04-07 12:02:26,060 [INFO] IPUIPlugin:65 - create IPUIPlugin
2022-04-07 12:02:26,060 [INFO] IPUIPlugin:65 - create IPUIPlugin
2022-04-07 12:02:26,077 [INFO] LogOutputStream:76 - [STDOUT_REDIRECT] toolchainItems.length=====1
2022-04-07 12:02:26,118 [INFO] OpenFileManager:294 - Restore cursor
2022-04-07 12:02:26,268 [INFO] UtilMem:74 - End SaveConfig() Used Memory: 518165528 Bytes (840957952)
2022-04-07 12:02:26,292 [INFO] UtilMem:74 - End SaveConfig() Used Memory: 521837584 Bytes (840957952)
2022-04-07 12:02:26,635 [INFO] BlockDiagram:2751 - set Specific Code input for plugin: NVIC
2022-04-07 12:02:26,635 [INFO] BlockDiagram:2751 - set Specific Code input for plugin: USART
2022-04-07 12:02:26,635 [INFO] BlockDiagram:2751 - set Specific Code input for plugin: TIM1_8F1
2022-04-07 12:02:26,635 [INFO] BlockDiagram:2751 - set Specific Code input for plugin: SYS
2022-04-07 12:02:26,636 [INFO] BlockDiagram:2751 - set Specific Code input for plugin: GPIO
2022-04-07 12:02:26,636 [INFO] BlockDiagram:2751 - set Specific Code input for plugin: RCC
2022-04-07 12:02:26,636 [INFO] CodeGenerator:601 - code generatio: config db path: C:\ST\STM32CubeIDE_1.2.0\STM32CubeIDE\plugins\com.st.stm32cube.common.mx_5.5.0.201912201511\\db\
2022-04-07 12:02:26,888 [INFO] CodeEngine:193 - oldGeneratedFile, C:\ljh\a15-06-tactswitchEXTI-LEDtimer\MXTmpFiles\license.tmp_save
2022-04-07 12:02:27,093 [INFO] CodeEngine:211 - Generated code: C:\ljh\a15-06-tactswitchEXTI-LEDtimer\MXTmpFiles\license.tmp
2022-04-07 12:02:27,162 [INFO] CodeEngine:193 - oldGeneratedFile, C:\ljh\a15-06-tactswitchEXTI-LEDtimer\MXTmpFiles\gpio.tmp_save
2022-04-07 12:02:27,259 [INFO] CodeEngine:211 - Generated code: C:\ljh\a15-06-tactswitchEXTI-LEDtimer\MXTmpFiles\gpio.tmp
2022-04-07 12:02:27,441 [INFO] LogOutputStream:76 - [STDOUT_REDIRECT] Command line
2022-04-07 12:02:27,442 [INFO] LogOutputStream:76 - [STDOUT_REDIRECT] Debug : prepare data for TIM
2022-04-07 12:02:27,443 [INFO] LogOutputStream:76 - [STDOUT_REDIRECT] Command line test
2022-04-07 12:02:27,444 [INFO] LogOutputStream:76 - [STDOUT_REDIRECT] Command line
2022-04-07 12:02:27,445 [INFO] LogOutputStream:76 - [STDOUT_REDIRECT] Debug : prepare data for USART
2022-04-07 12:02:27,446 [INFO] LogOutputStream:76 - [STDOUT_REDIRECT] Command line test
2022-04-07 12:02:27,447 [INFO] LogOutputStream:76 - [STDOUT_REDIRECT] Debug : prepare data for NVIC
2022-04-07 12:02:27,448 [INFO] LogOutputStream:76 - [STDOUT_REDIRECT] Command line test
2022-04-07 12:02:27,452 [INFO] CodeEngine:193 - oldGeneratedFile, C:\ljh\a15-06-tactswitchEXTI-LEDtimer\Core\Src\stm32f1xx_it.c_save
2022-04-07 12:02:27,636 [INFO] CodeEngine:211 - Generated code: C:\ljh\a15-06-tactswitchEXTI-LEDtimer\Core\Src\stm32f1xx_it.c
2022-04-07 12:02:27,642 [INFO] CodeEngine:193 - oldGeneratedFile, C:\ljh\a15-06-tactswitchEXTI-LEDtimer\Core\Inc\stm32f1xx_it.h_save
2022-04-07 12:02:27,723 [INFO] CodeEngine:211 - Generated code: C:\ljh\a15-06-tactswitchEXTI-LEDtimer\Core\Inc\stm32f1xx_it.h
2022-04-07 12:02:27,729 [INFO] CodeEngine:193 - oldGeneratedFile, C:\ljh\a15-06-tactswitchEXTI-LEDtimer\Core\Src\stm32f1xx_hal_msp.c_save
2022-04-07 12:02:27,834 [INFO] CodeEngine:211 - Generated code: C:\ljh\a15-06-tactswitchEXTI-LEDtimer\Core\Src\stm32f1xx_hal_msp.c
2022-04-07 12:02:27,837 [INFO] CodeEngine:193 - oldGeneratedFile, C:\ljh\a15-06-tactswitchEXTI-LEDtimer\MXTmpFiles\system.tmp_save
2022-04-07 12:02:27,900 [INFO] CodeEngine:211 - Generated code: C:\ljh\a15-06-tactswitchEXTI-LEDtimer\MXTmpFiles\system.tmp
2022-04-07 12:02:27,906 [INFO] CodeEngine:193 - oldGeneratedFile, C:\ljh\a15-06-tactswitchEXTI-LEDtimer\Core\Inc\stm32f1xx_hal_conf.h_save
2022-04-07 12:02:27,989 [INFO] CodeEngine:211 - Generated code: C:\ljh\a15-06-tactswitchEXTI-LEDtimer\Core\Inc\stm32f1xx_hal_conf.h
2022-04-07 12:02:28,003 [WARN] IPConfigManager:2706 - IP not found : TIM
2022-04-07 12:02:28,003 [WARN] IPConfigManager:2706 - IP not found : gpio
2022-04-07 12:02:28,003 [WARN] CodeGenerator:2776 - IP not found : TIM
2022-04-07 12:02:28,003 [WARN] CodeGenerator:2776 - IP not found : gpio
2022-04-07 12:02:28,006 [INFO] CodeEngine:193 - oldGeneratedFile, C:\ljh\a15-06-tactswitchEXTI-LEDtimer\Core\Inc\main.h_save
2022-04-07 12:02:28,077 [INFO] CodeEngine:211 - Generated code: C:\ljh\a15-06-tactswitchEXTI-LEDtimer\Core\Inc\main.h
2022-04-07 12:02:28,081 [INFO] CodeEngine:193 - oldGeneratedFile, C:\ljh\a15-06-tactswitchEXTI-LEDtimer\Core\Src\main.c_save
2022-04-07 12:02:28,183 [INFO] CodeEngine:211 - Generated code: C:\ljh\a15-06-tactswitchEXTI-LEDtimer\Core\Src\main.c
2022-04-07 12:02:28,553 [INFO] ProjectBuilder:1843 - Time for Copy HAL[1] : 25mS.
2022-04-07 12:02:28,556 [INFO] ProjectBuilder:2428 - Project Generator version: 3.6.0
2022-04-07 12:02:28,821 [INFO] ConfigFileManager:1043 - The Die is : DIE410
2022-04-07 12:02:31,066 [INFO] ProjectBuilder:2595 - Time for Generating toolchain IDE Files: 2510mS.
2022-04-07 12:02:31,067 [INFO] ProjectBuilder:1703 - Time for Copy CMSIS : 1mS.
2022-04-07 12:02:31,068 [INFO] ProjectBuilder:1703 - Time for Copy CMSIS : 0mS.
